0 info it worked if it ends with ok
1 verbose cli [ '/usr/bin/node', '/usr/bin/npm', 'install', '-g', 'sass' ]
2 info using npm@3.5.2
3 info using node@v8.10.0
4 silly loadCurrentTree Starting
5 silly install loadCurrentTree
6 silly install readGlobalPackageData
7 silly fetchPackageMetaData sass
8 silly fetchNamedPackageData sass
9 silly mapToRegistry name sass
10 silly mapToRegistry using default registry
11 silly mapToRegistry registry https://registry.npmjs.org/
12 silly mapToRegistry uri https://registry.npmjs.org/sass
13 verbose request uri https://registry.npmjs.org/sass
14 verbose request no auth needed
15 info attempt registry request try #1 at 11:05:00 AM
16 verbose request id 7f4c2d7502125292
17 http request GET https://registry.npmjs.org/sass
18 http 200 https://registry.npmjs.org/sass
19 verbose headers { date: 'Fri, 20 Mar 2020 04:05:00 GMT',
19 verbose headers   'content-type': 'application/json',
19 verbose headers   'transfer-encoding': 'chunked',
19 verbose headers   connection: 'keep-alive',
19 verbose headers   'set-cookie':
19 verbose headers    [ '__cfduid=dd28e3fb899c8e6e6140101c6cccdec491584677100; expires=Sun, 19-Apr-20 04:05:00 GMT; path=/; domain=.npmjs.org; HttpOnly; SameSite=Lax' ],
19 verbose headers   'cf-ray': '576c8d67ecfcdd6f-SIN',
19 verbose headers   age: '4432',
19 verbose headers   'cache-control': 'public, max-age=300',
19 verbose headers   etag: 'W/"d9b5c9b77a2c3a69aae054def11a668b"',
19 verbose headers   'last-modified': 'Wed, 11 Mar 2020 22:55:27 GMT',
19 verbose headers   vary: 'accept-encoding, accept',
19 verbose headers   'cf-cache-status': 'HIT',
19 verbose headers   'expect-ct': 'max-age=604800, report-uri="https://report-uri.cloudflare.com/cdn-cgi/beacon/expect-ct"',
19 verbose headers   server: 'cloudflare',
19 verbose headers   'content-encoding': 'gzip' }
20 silly get cb [ 200,
20 silly get   { date: 'Fri, 20 Mar 2020 04:05:00 GMT',
20 silly get     'content-type': 'application/json',
20 silly get     'transfer-encoding': 'chunked',
20 silly get     connection: 'keep-alive',
20 silly get     'set-cookie':
20 silly get      [ '__cfduid=dd28e3fb899c8e6e6140101c6cccdec491584677100; expires=Sun, 19-Apr-20 04:05:00 GMT; path=/; domain=.npmjs.org; HttpOnly; SameSite=Lax' ],
20 silly get     'cf-ray': '576c8d67ecfcdd6f-SIN',
20 silly get     age: '4432',
20 silly get     'cache-control': 'public, max-age=300',
20 silly get     etag: 'W/"d9b5c9b77a2c3a69aae054def11a668b"',
20 silly get     'last-modified': 'Wed, 11 Mar 2020 22:55:27 GMT',
20 silly get     vary: 'accept-encoding, accept',
20 silly get     'cf-cache-status': 'HIT',
20 silly get     'expect-ct': 'max-age=604800, report-uri="https://report-uri.cloudflare.com/cdn-cgi/beacon/expect-ct"',
20 silly get     server: 'cloudflare',
20 silly get     'content-encoding': 'gzip' } ]
21 verbose get saving sass to /home/ariq/.npm/registry.npmjs.org/sass/.cache.json
22 verbose makeDirectory /home/ariq/.npm creation not in flight; initializing
23 silly makeDirectory /home/ariq/.npm uid: 1000 gid: 1000
24 silly install normalizeTree
25 silly loadCurrentTree Finishing
26 silly loadIdealTree Starting
27 silly install loadIdealTree
28 silly cloneCurrentTree Starting
29 silly install cloneCurrentTreeToIdealTree
30 silly cloneCurrentTree Finishing
31 silly loadShrinkwrap Starting
32 silly install loadShrinkwrap
33 silly loadShrinkwrap Finishing
34 silly loadAllDepsIntoIdealTree Starting
35 silly install loadAllDepsIntoIdealTree
36 silly resolveWithNewModule sass@1.26.3 checking installable status
37 silly cache add args [ 'sass', null ]
38 verbose cache add spec sass
39 silly cache add parsed spec Result {
39 silly cache add   raw: 'sass',
39 silly cache add   scope: null,
39 silly cache add   name: 'sass',
39 silly cache add   rawSpec: '',
39 silly cache add   spec: 'latest',
39 silly cache add   type: 'tag' }
40 silly addNamed sass@latest
41 verbose addNamed "latest" is being treated as a dist-tag for sass
42 info addNameTag [ 'sass', 'latest' ]
43 silly mapToRegistry name sass
44 silly mapToRegistry using default registry
45 silly mapToRegistry registry https://registry.npmjs.org/
46 silly mapToRegistry uri https://registry.npmjs.org/sass
47 verbose addNameTag registry:https://registry.npmjs.org/sass not in flight; fetching
48 verbose get https://registry.npmjs.org/sass not expired, no request
49 silly addNameTag next cb for sass with tag latest
50 silly addNamed sass@1.26.3
51 verbose addNamed "1.26.3" is a plain semver version for sass
52 silly mapToRegistry name sass
53 silly mapToRegistry using default registry
54 silly mapToRegistry registry https://registry.npmjs.org/
55 silly mapToRegistry uri https://registry.npmjs.org/sass
56 verbose addRemoteTarball https://registry.npmjs.org/sass/-/sass-1.26.3.tgz not in flight; adding
57 verbose addRemoteTarball [ 'https://registry.npmjs.org/sass/-/sass-1.26.3.tgz',
57 verbose addRemoteTarball   '412df54486143b76b5a65cdf7569e86f44659f46' ]
58 info retry fetch attempt 1 at 11:05:00 AM
59 info attempt registry request try #1 at 11:05:00 AM
60 http fetch GET https://registry.npmjs.org/sass/-/sass-1.26.3.tgz
61 http fetch 200 https://registry.npmjs.org/sass/-/sass-1.26.3.tgz
62 silly fetchAndShaCheck shasum 412df54486143b76b5a65cdf7569e86f44659f46
63 verbose addTmpTarball /tmp/npm-17622-8901dc77/registry.npmjs.org/sass/-/sass-1.26.3.tgz not in flight; adding
64 verbose addTmpTarball already have metadata; skipping unpack for sass@1.26.3
65 silly cache afterAdd sass@1.26.3
66 verbose afterAdd /home/ariq/.npm/sass/1.26.3/package/package.json not in flight; writing
67 verbose afterAdd /home/ariq/.npm/sass/1.26.3/package/package.json written
68 silly fetchNamedPackageData chokidar
69 silly mapToRegistry name chokidar
70 silly mapToRegistry using default registry
71 silly mapToRegistry registry https://registry.npmjs.org/
72 silly mapToRegistry uri https://registry.npmjs.org/chokidar
73 verbose request uri https://registry.npmjs.org/chokidar
74 verbose request no auth needed
75 info attempt registry request try #1 at 11:05:01 AM
76 http request GET https://registry.npmjs.org/chokidar
77 http 200 https://registry.npmjs.org/chokidar
78 verbose headers { date: 'Fri, 20 Mar 2020 04:05:01 GMT',
78 verbose headers   'content-type': 'application/json',
78 verbose headers   'transfer-encoding': 'chunked',
78 verbose headers   connection: 'keep-alive',
78 verbose headers   'set-cookie':
78 verbose headers    [ '__cfduid=d214b2c2f7cc27c1dbc34c792579738211584677101; expires=Sun, 19-Apr-20 04:05:01 GMT; path=/; domain=.npmjs.org; HttpOnly; SameSite=Lax' ],
78 verbose headers   'cf-ray': '576c8d6a6c80dd6f-SIN',
78 verbose headers   age: '7199',
78 verbose headers   'cache-control': 'public, max-age=300',
78 verbose headers   etag: 'W/"5e12a6dbe94d3bcf9bf59ff0d2e0f685"',
78 verbose headers   'last-modified': 'Thu, 19 Mar 2020 09:18:28 GMT',
78 verbose headers   vary: 'accept-encoding, accept',
78 verbose headers   'cf-cache-status': 'HIT',
78 verbose headers   'expect-ct': 'max-age=604800, report-uri="https://report-uri.cloudflare.com/cdn-cgi/beacon/expect-ct"',
78 verbose headers   server: 'cloudflare',
78 verbose headers   'content-encoding': 'gzip' }
79 silly get cb [ 200,
79 silly get   { date: 'Fri, 20 Mar 2020 04:05:01 GMT',
79 silly get     'content-type': 'application/json',
79 silly get     'transfer-encoding': 'chunked',
79 silly get     connection: 'keep-alive',
79 silly get     'set-cookie':
79 silly get      [ '__cfduid=d214b2c2f7cc27c1dbc34c792579738211584677101; expires=Sun, 19-Apr-20 04:05:01 GMT; path=/; domain=.npmjs.org; HttpOnly; SameSite=Lax' ],
79 silly get     'cf-ray': '576c8d6a6c80dd6f-SIN',
79 silly get     age: '7199',
79 silly get     'cache-control': 'public, max-age=300',
79 silly get     etag: 'W/"5e12a6dbe94d3bcf9bf59ff0d2e0f685"',
79 silly get     'last-modified': 'Thu, 19 Mar 2020 09:18:28 GMT',
79 silly get     vary: 'accept-encoding, accept',
79 silly get     'cf-cache-status': 'HIT',
79 silly get     'expect-ct': 'max-age=604800, report-uri="https://report-uri.cloudflare.com/cdn-cgi/beacon/expect-ct"',
79 silly get     server: 'cloudflare',
79 silly get     'content-encoding': 'gzip' } ]
80 verbose get saving chokidar to /home/ariq/.npm/registry.npmjs.org/chokidar/.cache.json
81 silly resolveWithNewModule chokidar@3.3.1 checking installable status
82 silly cache add args [ 'chokidar@>=2.0.0 <4.0.0', null ]
83 verbose cache add spec chokidar@>=2.0.0 <4.0.0
84 silly cache add parsed spec Result {
84 silly cache add   raw: 'chokidar@>=2.0.0 <4.0.0',
84 silly cache add   scope: null,
84 silly cache add   name: 'chokidar',
84 silly cache add   rawSpec: '>=2.0.0 <4.0.0',
84 silly cache add   spec: '>=2.0.0 <4.0.0',
84 silly cache add   type: 'range' }
85 silly addNamed chokidar@>=2.0.0 <4.0.0
86 verbose addNamed ">=2.0.0 <4.0.0" is a valid semver range for chokidar
87 silly addNameRange { name: 'chokidar', range: '>=2.0.0 <4.0.0', hasData: false }
88 silly mapToRegistry name chokidar
89 silly mapToRegistry using default registry
90 silly mapToRegistry registry https://registry.npmjs.org/
91 silly mapToRegistry uri https://registry.npmjs.org/chokidar
92 verbose addNameRange registry:https://registry.npmjs.org/chokidar not in flight; fetching
93 verbose get https://registry.npmjs.org/chokidar not expired, no request
94 silly addNameRange number 2 { name: 'chokidar', range: '>=2.0.0 <4.0.0', hasData: true }
95 silly addNameRange versions [ 'chokidar',
95 silly addNameRange   [ '0.1.1',
95 silly addNameRange     '0.2.0',
95 silly addNameRange     '0.2.1',
95 silly addNameRange     '0.2.2',
95 silly addNameRange     '0.2.3',
95 silly addNameRange     '0.2.4',
95 silly addNameRange     '0.2.5',
95 silly addNameRange     '0.2.6',
95 silly addNameRange     '0.3.0',
95 silly addNameRange     '0.4.0',
95 silly addNameRange     '0.5.0',
95 silly addNameRange     '0.5.1',
95 silly addNameRange     '0.5.2',
95 silly addNameRange     '0.5.3',
95 silly addNameRange     '0.6.0',
95 silly addNameRange     '0.6.1',
95 silly addNameRange     '0.6.2',
95 silly addNameRange     '0.6.3',
95 silly addNameRange     '0.7.0',
95 silly addNameRange     '0.7.1',
95 silly addNameRange     '0.8.0',
95 silly addNameRange     '0.8.1',
95 silly addNameRange     '0.8.2',
95 silly addNameRange     '0.8.3',
95 silly addNameRange     '0.8.4',
95 silly addNameRange     '0.9.0',
95 silly addNameRange     '0.10.0',
95 silly addNameRange     '0.10.1',
95 silly addNameRange     '0.10.2',
95 silly addNameRange     '0.10.3',
95 silly addNameRange     '0.10.4',
95 silly addNameRange     '0.10.5',
95 silly addNameRange     '0.10.6',
95 silly addNameRange     '0.10.7',
95 silly addNameRange     '0.10.8',
95 silly addNameRange     '0.10.9',
95 silly addNameRange     '0.11.0',
95 silly addNameRange     '0.11.1',
95 silly addNameRange     '0.12.0',
95 silly addNameRange     '0.12.1',
95 silly addNameRange     '0.12.2',
95 silly addNameRange     '0.12.3',
95 silly addNameRange     '0.12.4',
95 silly addNameRange     '0.12.5',
95 silly addNameRange     '0.12.6',
95 silly addNameRange     '1.0.0-rc1',
95 silly addNameRange     '1.0.0-rc1.1',
95 silly addNameRange     '1.0.0-rc2',
95 silly addNameRange     '1.0.0-rc3',
95 silly addNameRange     '1.0.0-rc4',
95 silly addNameRange     '1.0.0-rc5',
95 silly addNameRange     '1.0.0',
95 silly addNameRange     '1.0.1',
95 silly addNameRange     '1.0.2',
95 silly addNameRange     '1.0.3',
95 silly addNameRange     '1.0.4',
95 silly addNameRange     '1.0.5',
95 silly addNameRange     '1.0.6',
95 silly addNameRange     '1.1.0',
95 silly addNameRange     '1.2.0',
95 silly addNameRange     '1.3.0',
95 silly addNameRange     '1.4.0',
95 silly addNameRange     '1.4.1',
95 silly addNameRange     '1.4.2',
95 silly addNameRange     '1.4.3',
95 silly addNameRange     '1.5.0',
95 silly addNameRange     '1.5.1',
95 silly addNameRange     '1.5.2',
95 silly addNameRange     '1.6.0',
95 silly addNameRange     '1.6.1',
95 silly addNameRange     '1.7.0',
95 silly addNameRange     '2.0.0',
95 silly addNameRange     '2.0.1',
95 silly addNameRange     '2.0.2',
95 silly addNameRange     '2.0.3',
95 silly addNameRange     '2.0.4',
95 silly addNameRange     '2.1.0',
95 silly addNameRange     '2.1.1',
95 silly addNameRange     '2.1.2',
95 silly addNameRange     '2.1.3',
95 silly addNameRange     '2.1.4',
95 silly addNameRange     '2.1.5',
95 silly addNameRange     '3.0.0',
95 silly addNameRange     '2.1.6',
95 silly addNameRange     '3.0.1',
95 silly addNameRange     '3.0.2',
95 silly addNameRange     '2.1.8',
95 silly addNameRange     '3.1.0',
95 silly addNameRange     '3.1.1',
95 silly addNameRange     '3.2.0',
95 silly addNameRange     '3.2.1',
95 silly addNameRange     '3.2.2',
95 silly addNameRange     '3.2.3',
95 silly addNameRange     '3.3.0',
95 silly addNameRange     '3.3.1' ] ]
96 silly addNamed chokidar@3.3.1
97 verbose addNamed "3.3.1" is a plain semver version for chokidar
98 silly mapToRegistry name chokidar
99 silly mapToRegistry using default registry
100 silly mapToRegistry registry https://registry.npmjs.org/
101 silly mapToRegistry uri https://registry.npmjs.org/chokidar
102 verbose addRemoteTarball https://registry.npmjs.org/chokidar/-/chokidar-3.3.1.tgz not in flight; adding
103 verbose addRemoteTarball [ 'https://registry.npmjs.org/chokidar/-/chokidar-3.3.1.tgz',
103 verbose addRemoteTarball   'c84e5b3d18d9a4d77558fef466b1bf16bbeb3450' ]
104 info retry fetch attempt 1 at 11:05:01 AM
105 info attempt registry request try #1 at 11:05:01 AM
106 http fetch GET https://registry.npmjs.org/chokidar/-/chokidar-3.3.1.tgz
107 http fetch 200 https://registry.npmjs.org/chokidar/-/chokidar-3.3.1.tgz
108 silly fetchAndShaCheck shasum c84e5b3d18d9a4d77558fef466b1bf16bbeb3450
109 verbose addTmpTarball /tmp/npm-17622-8901dc77/registry.npmjs.org/chokidar/-/chokidar-3.3.1.tgz not in flight; adding
110 verbose addTmpTarball already have metadata; skipping unpack for chokidar@3.3.1
111 silly cache afterAdd chokidar@3.3.1
112 verbose afterAdd /home/ariq/.npm/chokidar/3.3.1/package/package.json not in flight; writing
113 verbose afterAdd /home/ariq/.npm/chokidar/3.3.1/package/package.json written
114 silly fetchNamedPackageData anymatch
115 silly mapToRegistry name anymatch
116 silly mapToRegistry using default registry
117 silly mapToRegistry registry https://registry.npmjs.org/
118 silly mapToRegistry uri https://registry.npmjs.org/anymatch
119 silly fetchNamedPackageData braces
120 silly mapToRegistry name braces
121 silly mapToRegistry using default registry
122 silly mapToRegistry registry https://registry.npmjs.org/
123 silly mapToRegistry uri https://registry.npmjs.org/braces
124 silly fetchNamedPackageData glob-parent
125 silly mapToRegistry name glob-parent
126 silly mapToRegistry using default registry
127 silly mapToRegistry registry https://registry.npmjs.org/
128 silly mapToRegistry uri https://registry.npmjs.org/glob-parent
129 silly fetchNamedPackageData is-binary-path
130 silly mapToRegistry name is-binary-path
131 silly mapToRegistry using default registry
132 silly mapToRegistry registry https://registry.npmjs.org/
133 silly mapToRegistry uri https://registry.npmjs.org/is-binary-path
134 silly fetchNamedPackageData is-glob
135 silly mapToRegistry name is-glob
136 silly mapToRegistry using default registry
137 silly mapToRegistry registry https://registry.npmjs.org/
138 silly mapToRegistry uri https://registry.npmjs.org/is-glob
139 silly fetchNamedPackageData normalize-path
140 silly mapToRegistry name normalize-path
141 silly mapToRegistry using default registry
142 silly mapToRegistry registry https://registry.npmjs.org/
143 silly mapToRegistry uri https://registry.npmjs.org/normalize-path
144 silly fetchNamedPackageData readdirp
145 silly mapToRegistry name readdirp
146 silly mapToRegistry using default registry
147 silly mapToRegistry registry https://registry.npmjs.org/
148 silly mapToRegistry uri https://registry.npmjs.org/readdirp
149 silly fetchNamedPackageData fsevents
150 silly mapToRegistry name fsevents
151 silly mapToRegistry using default registry
152 silly mapToRegistry registry https://registry.npmjs.org/
153 silly mapToRegistry uri https://registry.npmjs.org/fsevents
154 verbose request uri https://registry.npmjs.org/anymatch
155 verbose request no auth needed
156 info attempt registry request try #1 at 11:05:01 AM
157 http request GET https://registry.npmjs.org/anymatch
158 verbose request uri https://registry.npmjs.org/braces
159 verbose request no auth needed
160 info attempt registry request try #1 at 11:05:01 AM
161 http request GET https://registry.npmjs.org/braces
162 verbose request uri https://registry.npmjs.org/glob-parent
163 verbose request no auth needed
164 info attempt registry request try #1 at 11:05:01 AM
165 http request GET https://registry.npmjs.org/glob-parent
166 verbose request uri https://registry.npmjs.org/is-binary-path
167 verbose request no auth needed
168 info attempt registry request try #1 at 11:05:01 AM
169 http request GET https://registry.npmjs.org/is-binary-path
170 verbose request uri https://registry.npmjs.org/is-glob
171 verbose request no auth needed
172 info attempt registry request try #1 at 11:05:01 AM
173 http request GET https://registry.npmjs.org/is-glob
174 verbose request uri https://registry.npmjs.org/normalize-path
175 verbose request no auth needed
176 info attempt registry request try #1 at 11:05:01 AM
177 http request GET https://registry.npmjs.org/normalize-path
178 verbose request uri https://registry.npmjs.org/readdirp
179 verbose request no auth needed
180 info attempt registry request try #1 at 11:05:01 AM
181 http request GET https://registry.npmjs.org/readdirp
182 verbose request uri https://registry.npmjs.org/fsevents
183 verbose request no auth needed
184 info attempt registry request try #1 at 11:05:01 AM
185 http request GET https://registry.npmjs.org/fsevents
186 http 200 https://registry.npmjs.org/anymatch
187 verbose headers { date: 'Fri, 20 Mar 2020 04:05:01 GMT',
187 verbose headers   'content-type': 'application/json',
187 verbose headers   'transfer-encoding': 'chunked',
187 verbose headers   connection: 'keep-alive',
187 verbose headers   'set-cookie':
187 verbose headers    [ '__cfduid=d214b2c2f7cc27c1dbc34c792579738211584677101; expires=Sun, 19-Apr-20 04:05:01 GMT; path=/; domain=.npmjs.org; HttpOnly; SameSite=Lax' ],
187 verbose headers   'cf-ray': '576c8d6b5f03dd6f-SIN',
187 verbose headers   age: '1049',
187 verbose headers   'cache-control': 'public, max-age=300',
187 verbose headers   etag: 'W/"98fa5632ec0e527416f1335e40360ff2"',
187 verbose headers   'last-modified': 'Tue, 01 Oct 2019 02:34:52 GMT',
187 verbose headers   vary: 'accept-encoding, accept',
187 verbose headers   'cf-cache-status': 'HIT',
187 verbose headers   'expect-ct': 'max-age=604800, report-uri="https://report-uri.cloudflare.com/cdn-cgi/beacon/expect-ct"',
187 verbose headers   server: 'cloudflare',
187 verbose headers   'content-encoding': 'gzip' }
188 silly get cb [ 200,
188 silly get   { date: 'Fri, 20 Mar 2020 04:05:01 GMT',
188 silly get     'content-type': 'application/json',
188 silly get     'transfer-encoding': 'chunked',
188 silly get     connection: 'keep-alive',
188 silly get     'set-cookie':
188 silly get      [ '__cfduid=d214b2c2f7cc27c1dbc34c792579738211584677101; expires=Sun, 19-Apr-20 04:05:01 GMT; path=/; domain=.npmjs.org; HttpOnly; SameSite=Lax' ],
188 silly get     'cf-ray': '576c8d6b5f03dd6f-SIN',
188 silly get     age: '1049',
188 silly get     'cache-control': 'public, max-age=300',
188 silly get     etag: 'W/"98fa5632ec0e527416f1335e40360ff2"',
188 silly get     'last-modified': 'Tue, 01 Oct 2019 02:34:52 GMT',
188 silly get     vary: 'accept-encoding, accept',
188 silly get     'cf-cache-status': 'HIT',
188 silly get     'expect-ct': 'max-age=604800, report-uri="https://report-uri.cloudflare.com/cdn-cgi/beacon/expect-ct"',
188 silly get     server: 'cloudflare',
188 silly get     'content-encoding': 'gzip' } ]
189 verbose get saving anymatch to /home/ariq/.npm/registry.npmjs.org/anymatch/.cache.json
190 silly resolveWithNewModule anymatch@3.1.1 checking installable status
191 silly cache add args [ 'anymatch@~3.1.1', null ]
192 verbose cache add spec anymatch@~3.1.1
193 silly cache add parsed spec Result {
193 silly cache add   raw: 'anymatch@~3.1.1',
193 silly cache add   scope: null,
193 silly cache add   name: 'anymatch',
193 silly cache add   rawSpec: '~3.1.1',
193 silly cache add   spec: '>=3.1.1 <3.2.0',
193 silly cache add   type: 'range' }
194 silly addNamed anymatch@>=3.1.1 <3.2.0
195 verbose addNamed ">=3.1.1 <3.2.0" is a valid semver range for anymatch
196 silly addNameRange { name: 'anymatch', range: '>=3.1.1 <3.2.0', hasData: false }
197 silly mapToRegistry name anymatch
198 silly mapToRegistry using default registry
199 silly mapToRegistry registry https://registry.npmjs.org/
200 silly mapToRegistry uri https://registry.npmjs.org/anymatch
201 verbose addNameRange registry:https://registry.npmjs.org/anymatch not in flight; fetching
202 verbose get https://registry.npmjs.org/anymatch not expired, no request
203 silly addNameRange number 2 { name: 'anymatch', range: '>=3.1.1 <3.2.0', hasData: true }
204 silly addNameRange versions [ 'anymatch',
204 silly addNameRange   [ '0.1.0',
204 silly addNameRange     '0.1.1',
204 silly addNameRange     '0.2.0',
204 silly addNameRange     '1.0.0',
204 silly addNameRange     '1.1.0',
204 silly addNameRange     '1.2.0',
204 silly addNameRange     '1.2.1',
204 silly addNameRange     '1.3.0',
204 silly addNameRange     '1.3.2',
204 silly addNameRange     '2.0.0',
204 silly addNameRange     '3.0.0',
204 silly addNameRange     '3.0.1',
204 silly addNameRange     '3.0.2',
204 silly addNameRange     '3.0.3',
204 silly addNameRange     '3.1.0',
204 silly addNameRange     '3.1.1' ] ]
205 silly addNamed anymatch@3.1.1
206 verbose addNamed "3.1.1" is a plain semver version for anymatch
207 silly mapToRegistry name anymatch
208 silly mapToRegistry using default registry
209 silly mapToRegistry registry https://registry.npmjs.org/
210 silly mapToRegistry uri https://registry.npmjs.org/anymatch
211 verbose addRemoteTarball https://registry.npmjs.org/anymatch/-/anymatch-3.1.1.tgz not in flight; adding
212 verbose addRemoteTarball [ 'https://registry.npmjs.org/anymatch/-/anymatch-3.1.1.tgz',
212 verbose addRemoteTarball   'c55ecf02185e2469259399310c173ce31233b142' ]
213 info retry fetch attempt 1 at 11:05:01 AM
214 info attempt registry request try #1 at 11:05:01 AM
215 http fetch GET https://registry.npmjs.org/anymatch/-/anymatch-3.1.1.tgz
216 http 200 https://registry.npmjs.org/is-binary-path
217 verbose headers { date: 'Fri, 20 Mar 2020 04:05:01 GMT',
217 verbose headers   'content-type': 'application/json',
217 verbose headers   'transfer-encoding': 'chunked',
217 verbose headers   connection: 'keep-alive',
217 verbose headers   'set-cookie':
217 verbose headers    [ '__cfduid=dded09e34c408935b68ec2a13f541d46b1584677101; expires=Sun, 19-Apr-20 04:05:01 GMT; path=/; domain=.npmjs.org; HttpOnly; SameSite=Lax' ],
217 verbose headers   'cf-ray': '576c8d6b6fd0e25b-SIN',
217 verbose headers   age: '1341',
217 verbose headers   'cache-control': 'public, max-age=300',
217 verbose headers   etag: 'W/"8ed7a9479c3f5e194e9571992693ddc0"',
217 verbose headers   'last-modified': 'Fri, 19 Apr 2019 04:42:49 GMT',
217 verbose headers   vary: 'accept-encoding, accept',
217 verbose headers   'cf-cache-status': 'HIT',
217 verbose headers   'expect-ct': 'max-age=604800, report-uri="https://report-uri.cloudflare.com/cdn-cgi/beacon/expect-ct"',
217 verbose headers   server: 'cloudflare',
217 verbose headers   'content-encoding': 'gzip' }
218 silly get cb [ 200,
218 silly get   { date: 'Fri, 20 Mar 2020 04:05:01 GMT',
218 silly get     'content-type': 'application/json',
218 silly get     'transfer-encoding': 'chunked',
218 silly get     connection: 'keep-alive',
218 silly get     'set-cookie':
218 silly get      [ '__cfduid=dded09e34c408935b68ec2a13f541d46b1584677101; expires=Sun, 19-Apr-20 04:05:01 GMT; path=/; domain=.npmjs.org; HttpOnly; SameSite=Lax' ],
218 silly get     'cf-ray': '576c8d6b6fd0e25b-SIN',
218 silly get     age: '1341',
218 silly get     'cache-control': 'public, max-age=300',
218 silly get     etag: 'W/"8ed7a9479c3f5e194e9571992693ddc0"',
218 silly get     'last-modified': 'Fri, 19 Apr 2019 04:42:49 GMT',
218 silly get     vary: 'accept-encoding, accept',
218 silly get     'cf-cache-status': 'HIT',
218 silly get     'expect-ct': 'max-age=604800, report-uri="https://report-uri.cloudflare.com/cdn-cgi/beacon/expect-ct"',
218 silly get     server: 'cloudflare',
218 silly get     'content-encoding': 'gzip' } ]
219 verbose get saving is-binary-path to /home/ariq/.npm/registry.npmjs.org/is-binary-path/.cache.json
220 http 200 https://registry.npmjs.org/braces
221 verbose headers { date: 'Fri, 20 Mar 2020 04:05:01 GMT',
221 verbose headers   'content-type': 'application/json',
221 verbose headers   'transfer-encoding': 'chunked',
221 verbose headers   connection: 'keep-alive',
221 verbose headers   'set-cookie':
221 verbose headers    [ '__cfduid=d2ad9002e6451c98d757aa4d99b965f2b1584677101; expires=Sun, 19-Apr-20 04:05:01 GMT; path=/; domain=.npmjs.org; HttpOnly; SameSite=Lax' ],
221 verbose headers   'cf-ray': '576c8d6b6868c318-SIN',
221 verbose headers   age: '2092',
221 verbose headers   'cache-control': 'public, max-age=300',
221 verbose headers   etag: 'W/"53878de16015f7ab71c0a56f622f24f9"',
221 verbose headers   'last-modified': 'Tue, 16 Apr 2019 19:51:16 GMT',
221 verbose headers   vary: 'accept-encoding, accept',
221 verbose headers   'cf-cache-status': 'HIT',
221 verbose headers   'expect-ct': 'max-age=604800, report-uri="https://report-uri.cloudflare.com/cdn-cgi/beacon/expect-ct"',
221 verbose headers   server: 'cloudflare',
221 verbose headers   'content-encoding': 'gzip' }
222 silly get cb [ 200,
222 silly get   { date: 'Fri, 20 Mar 2020 04:05:01 GMT',
222 silly get     'content-type': 'application/json',
222 silly get     'transfer-encoding': 'chunked',
222 silly get     connection: 'keep-alive',
222 silly get     'set-cookie':
222 silly get      [ '__cfduid=d2ad9002e6451c98d757aa4d99b965f2b1584677101; expires=Sun, 19-Apr-20 04:05:01 GMT; path=/; domain=.npmjs.org; HttpOnly; SameSite=Lax' ],
222 silly get     'cf-ray': '576c8d6b6868c318-SIN',
222 silly get     age: '2092',
222 silly get     'cache-control': 'public, max-age=300',
222 silly get     etag: 'W/"53878de16015f7ab71c0a56f622f24f9"',
222 silly get     'last-modified': 'Tue, 16 Apr 2019 19:51:16 GMT',
222 silly get     vary: 'accept-encoding, accept',
222 silly get     'cf-cache-status': 'HIT',
222 silly get     'expect-ct': 'max-age=604800, report-uri="https://report-uri.cloudflare.com/cdn-cgi/beacon/expect-ct"',
222 silly get     server: 'cloudflare',
222 silly get     'content-encoding': 'gzip' } ]
223 verbose get saving braces to /home/ariq/.npm/registry.npmjs.org/braces/.cache.json
224 http 200 https://registry.npmjs.org/normalize-path
225 verbose headers { date: 'Fri, 20 Mar 2020 04:05:01 GMT',
225 verbose headers   'content-type': 'application/json; charset=UTF-8',
225 verbose headers   'transfer-encoding': 'chunked',
225 verbose headers   connection: 'keep-alive',
225 verbose headers   'set-cookie':
225 verbose headers    [ '__cfduid=dc5a72a7f096b47dad2dbf6fb7a57301a1584677101; expires=Sun, 19-Apr-20 04:05:01 GMT; path=/; domain=.npmjs.org; HttpOnly; SameSite=Lax' ],
225 verbose headers   'cf-ray': '576c8d6b69f8d9c0-SIN',
225 verbose headers   age: '4818',
225 verbose headers   'cache-control': 'public, max-age=300',
225 verbose headers   etag: 'W/"0a459c763ee9d4916c02d792a226cce9"',
225 verbose headers   'last-modified': 'Sun, 27 May 2018 10:33:45 GMT',
225 verbose headers   vary: 'accept-encoding, accept',
225 verbose headers   'cf-cache-status': 'HIT',
225 verbose headers   'expect-ct': 'max-age=604800, report-uri="https://report-uri.cloudflare.com/cdn-cgi/beacon/expect-ct"',
225 verbose headers   server: 'cloudflare',
225 verbose headers   'content-encoding': 'gzip' }
226 silly get cb [ 200,
226 silly get   { date: 'Fri, 20 Mar 2020 04:05:01 GMT',
226 silly get     'content-type': 'application/json; charset=UTF-8',
226 silly get     'transfer-encoding': 'chunked',
226 silly get     connection: 'keep-alive',
226 silly get     'set-cookie':
226 silly get      [ '__cfduid=dc5a72a7f096b47dad2dbf6fb7a57301a1584677101; expires=Sun, 19-Apr-20 04:05:01 GMT; path=/; domain=.npmjs.org; HttpOnly; SameSite=Lax' ],
226 silly get     'cf-ray': '576c8d6b69f8d9c0-SIN',
226 silly get     age: '4818',
226 silly get     'cache-control': 'public, max-age=300',
226 silly get     etag: 'W/"0a459c763ee9d4916c02d792a226cce9"',
226 silly get     'last-modified': 'Sun, 27 May 2018 10:33:45 GMT',
226 silly get     vary: 'accept-encoding, accept',
226 silly get     'cf-cache-status': 'HIT',
226 silly get     'expect-ct': 'max-age=604800, report-uri="https://report-uri.cloudflare.com/cdn-cgi/beacon/expect-ct"',
226 silly get     server: 'cloudflare',
226 silly get     'content-encoding': 'gzip' } ]
227 verbose get saving normalize-path to /home/ariq/.npm/registry.npmjs.org/normalize-path/.cache.json
228 http 200 https://registry.npmjs.org/is-glob
229 verbose headers { date: 'Fri, 20 Mar 2020 04:05:01 GMT',
229 verbose headers   'content-type': 'application/json',
229 verbose headers   'transfer-encoding': 'chunked',
229 verbose headers   connection: 'keep-alive',
229 verbose headers   'set-cookie':
229 verbose headers    [ '__cfduid=dd090852b804d178bf7c711ad2dfa6ab21584677101; expires=Sun, 19-Apr-20 04:05:01 GMT; path=/; domain=.npmjs.org; HttpOnly; SameSite=Lax' ],
229 verbose headers   'cf-ray': '576c8d6b7f2ba9e8-SIN',
229 verbose headers   age: '6785',
229 verbose headers   'cache-control': 'public, max-age=300',
229 verbose headers   etag: 'W/"d4c60158c6c0244bf96dd8e6749675aa"',
229 verbose headers   'last-modified': 'Wed, 27 Mar 2019 22:26:41 GMT',
229 verbose headers   vary: 'accept-encoding, accept',
229 verbose headers   'cf-cache-status': 'HIT',
229 verbose headers   'expect-ct': 'max-age=604800, report-uri="https://report-uri.cloudflare.com/cdn-cgi/beacon/expect-ct"',
229 verbose headers   server: 'cloudflare',
229 verbose headers   'content-encoding': 'gzip' }
230 silly get cb [ 200,
230 silly get   { date: 'Fri, 20 Mar 2020 04:05:01 GMT',
230 silly get     'content-type': 'application/json',
230 silly get     'transfer-encoding': 'chunked',
230 silly get     connection: 'keep-alive',
230 silly get     'set-cookie':
230 silly get      [ '__cfduid=dd090852b804d178bf7c711ad2dfa6ab21584677101; expires=Sun, 19-Apr-20 04:05:01 GMT; path=/; domain=.npmjs.org; HttpOnly; SameSite=Lax' ],
230 silly get     'cf-ray': '576c8d6b7f2ba9e8-SIN',
230 silly get     age: '6785',
230 silly get     'cache-control': 'public, max-age=300',
230 silly get     etag: 'W/"d4c60158c6c0244bf96dd8e6749675aa"',
230 silly get     'last-modified': 'Wed, 27 Mar 2019 22:26:41 GMT',
230 silly get     vary: 'accept-encoding, accept',
230 silly get     'cf-cache-status': 'HIT',
230 silly get     'expect-ct': 'max-age=604800, report-uri="https://report-uri.cloudflare.com/cdn-cgi/beacon/expect-ct"',
230 silly get     server: 'cloudflare',
230 silly get     'content-encoding': 'gzip' } ]
231 verbose get saving is-glob to /home/ariq/.npm/registry.npmjs.org/is-glob/.cache.json
232 http 200 https://registry.npmjs.org/readdirp
233 verbose headers { date: 'Fri, 20 Mar 2020 04:05:01 GMT',
233 verbose headers   'content-type': 'application/json',
233 verbose headers   'transfer-encoding': 'chunked',
233 verbose headers   connection: 'keep-alive',
233 verbose headers   'set-cookie':
233 verbose headers    [ '__cfduid=dc7a5cdb7c214c04dcf234472a45ec6a61584677101; expires=Sun, 19-Apr-20 04:05:01 GMT; path=/; domain=.npmjs.org; HttpOnly; SameSite=Lax' ],
233 verbose headers   'cf-ray': '576c8d6b6d49dcce-SIN',
233 verbose headers   age: '5374',
233 verbose headers   'cache-control': 'public, max-age=300',
233 verbose headers   etag: 'W/"b8964abc7faf38782ebc582ae34f46d7"',
233 verbose headers   'last-modified': 'Thu, 19 Mar 2020 09:59:55 GMT',
233 verbose headers   vary: 'accept-encoding, accept',
233 verbose headers   'cf-cache-status': 'HIT',
233 verbose headers   'expect-ct': 'max-age=604800, report-uri="https://report-uri.cloudflare.com/cdn-cgi/beacon/expect-ct"',
233 verbose headers   server: 'cloudflare',
233 verbose headers   'content-encoding': 'gzip' }
234 silly get cb [ 200,
234 silly get   { date: 'Fri, 20 Mar 2020 04:05:01 GMT',
234 silly get     'content-type': 'application/json',
234 silly get     'transfer-encoding': 'chunked',
234 silly get     connection: 'keep-alive',
234 silly get     'set-cookie':
234 silly get      [ '__cfduid=dc7a5cdb7c214c04dcf234472a45ec6a61584677101; expires=Sun, 19-Apr-20 04:05:01 GMT; path=/; domain=.npmjs.org; HttpOnly; SameSite=Lax' ],
234 silly get     'cf-ray': '576c8d6b6d49dcce-SIN',
234 silly get     age: '5374',
234 silly get     'cache-control': 'public, max-age=300',
234 silly get     etag: 'W/"b8964abc7faf38782ebc582ae34f46d7"',
234 silly get     'last-modified': 'Thu, 19 Mar 2020 09:59:55 GMT',
234 silly get     vary: 'accept-encoding, accept',
234 silly get     'cf-cache-status': 'HIT',
234 silly get     'expect-ct': 'max-age=604800, report-uri="https://report-uri.cloudflare.com/cdn-cgi/beacon/expect-ct"',
234 silly get     server: 'cloudflare',
234 silly get     'content-encoding': 'gzip' } ]
235 verbose get saving readdirp to /home/ariq/.npm/registry.npmjs.org/readdirp/.cache.json
236 http 200 https://registry.npmjs.org/glob-parent
237 verbose headers { date: 'Fri, 20 Mar 2020 04:05:01 GMT',
237 verbose headers   'content-type': 'application/json',
237 verbose headers   'transfer-encoding': 'chunked',
237 verbose headers   connection: 'keep-alive',
237 verbose headers   'set-cookie':
237 verbose headers    [ '__cfduid=d04b343c2ed29cbff98d3a8c3c6bb603f1584677101; expires=Sun, 19-Apr-20 04:05:01 GMT; path=/; domain=.npmjs.org; HttpOnly; SameSite=Lax' ],
237 verbose headers   'cf-ray': '576c8d6b79fed9b0-SIN',
237 verbose headers   age: '1685',
237 verbose headers   'cache-control': 'public, max-age=300',
237 verbose headers   etag: 'W/"10221a027bb5845589a8b7b486d7de64"',
237 verbose headers   'last-modified': 'Sat, 21 Sep 2019 23:17:08 GMT',
237 verbose headers   vary: 'accept-encoding, accept',
237 verbose headers   'cf-cache-status': 'HIT',
237 verbose headers   'expect-ct': 'max-age=604800, report-uri="https://report-uri.cloudflare.com/cdn-cgi/beacon/expect-ct"',
237 verbose headers   server: 'cloudflare',
237 verbose headers   'content-encoding': 'gzip' }
238 silly get cb [ 200,
238 silly get   { date: 'Fri, 20 Mar 2020 04:05:01 GMT',
238 silly get     'content-type': 'application/json',
238 silly get     'transfer-encoding': 'chunked',
238 silly get     connection: 'keep-alive',
238 silly get     'set-cookie':
238 silly get      [ '__cfduid=d04b343c2ed29cbff98d3a8c3c6bb603f1584677101; expires=Sun, 19-Apr-20 04:05:01 GMT; path=/; domain=.npmjs.org; HttpOnly; SameSite=Lax' ],
238 silly get     'cf-ray': '576c8d6b79fed9b0-SIN',
238 silly get     age: '1685',
238 silly get     'cache-control': 'public, max-age=300',
238 silly get     etag: 'W/"10221a027bb5845589a8b7b486d7de64"',
238 silly get     'last-modified': 'Sat, 21 Sep 2019 23:17:08 GMT',
238 silly get     vary: 'accept-encoding, accept',
238 silly get     'cf-cache-status': 'HIT',
238 silly get     'expect-ct': 'max-age=604800, report-uri="https://report-uri.cloudflare.com/cdn-cgi/beacon/expect-ct"',
238 silly get     server: 'cloudflare',
238 silly get     'content-encoding': 'gzip' } ]
239 verbose get saving glob-parent to /home/ariq/.npm/registry.npmjs.org/glob-parent/.cache.json
240 silly resolveWithNewModule is-binary-path@2.1.0 checking installable status
241 silly cache add args [ 'is-binary-path@~2.1.0', null ]
242 verbose cache add spec is-binary-path@~2.1.0
243 silly cache add parsed spec Result {
243 silly cache add   raw: 'is-binary-path@~2.1.0',
243 silly cache add   scope: null,
243 silly cache add   name: 'is-binary-path',
243 silly cache add   rawSpec: '~2.1.0',
243 silly cache add   spec: '>=2.1.0 <2.2.0',
243 silly cache add   type: 'range' }
244 silly addNamed is-binary-path@>=2.1.0 <2.2.0
245 verbose addNamed ">=2.1.0 <2.2.0" is a valid semver range for is-binary-path
246 silly addNameRange { name: 'is-binary-path',
246 silly addNameRange   range: '>=2.1.0 <2.2.0',
246 silly addNameRange   hasData: false }
247 silly mapToRegistry name is-binary-path
248 silly mapToRegistry using default registry
249 silly mapToRegistry registry https://registry.npmjs.org/
250 silly mapToRegistry uri https://registry.npmjs.org/is-binary-path
251 verbose addNameRange registry:https://registry.npmjs.org/is-binary-path not in flight; fetching
252 silly resolveWithNewModule braces@3.0.2 checking installable status
253 silly cache add args [ 'braces@~3.0.2', null ]
254 verbose cache add spec braces@~3.0.2
255 silly cache add parsed spec Result {
255 silly cache add   raw: 'braces@~3.0.2',
255 silly cache add   scope: null,
255 silly cache add   name: 'braces',
255 silly cache add   rawSpec: '~3.0.2',
255 silly cache add   spec: '>=3.0.2 <3.1.0',
255 silly cache add   type: 'range' }
256 silly addNamed braces@>=3.0.2 <3.1.0
257 verbose addNamed ">=3.0.2 <3.1.0" is a valid semver range for braces
258 silly addNameRange { name: 'braces', range: '>=3.0.2 <3.1.0', hasData: false }
259 silly mapToRegistry name braces
260 silly mapToRegistry using default registry
261 silly mapToRegistry registry https://registry.npmjs.org/
262 silly mapToRegistry uri https://registry.npmjs.org/braces
263 verbose addNameRange registry:https://registry.npmjs.org/braces not in flight; fetching
264 silly resolveWithNewModule normalize-path@3.0.0 checking installable status
265 silly cache add args [ 'normalize-path@~3.0.0', null ]
266 verbose cache add spec normalize-path@~3.0.0
267 silly cache add parsed spec Result {
267 silly cache add   raw: 'normalize-path@~3.0.0',
267 silly cache add   scope: null,
267 silly cache add   name: 'normalize-path',
267 silly cache add   rawSpec: '~3.0.0',
267 silly cache add   spec: '>=3.0.0 <3.1.0',
267 silly cache add   type: 'range' }
268 silly addNamed normalize-path@>=3.0.0 <3.1.0
269 verbose addNamed ">=3.0.0 <3.1.0" is a valid semver range for normalize-path
270 silly addNameRange { name: 'normalize-path',
270 silly addNameRange   range: '>=3.0.0 <3.1.0',
270 silly addNameRange   hasData: false }
271 silly mapToRegistry name normalize-path
272 silly mapToRegistry using default registry
273 silly mapToRegistry registry https://registry.npmjs.org/
274 silly mapToRegistry uri https://registry.npmjs.org/normalize-path
275 verbose addNameRange registry:https://registry.npmjs.org/normalize-path not in flight; fetching
276 http fetch 200 https://registry.npmjs.org/anymatch/-/anymatch-3.1.1.tgz
277 verbose get https://registry.npmjs.org/is-binary-path not expired, no request
278 silly addNameRange number 2 { name: 'is-binary-path',
278 silly addNameRange   range: '>=2.1.0 <2.2.0',
278 silly addNameRange   hasData: true }
279 silly addNameRange versions [ 'is-binary-path',
279 silly addNameRange   [ '1.0.0', '1.0.1', '2.0.0', '2.0.1', '2.1.0' ] ]
280 silly addNamed is-binary-path@2.1.0
281 verbose addNamed "2.1.0" is a plain semver version for is-binary-path
282 verbose get https://registry.npmjs.org/braces not expired, no request
283 silly addNameRange number 2 { name: 'braces', range: '>=3.0.2 <3.1.0', hasData: true }
284 silly addNameRange versions [ 'braces',
284 silly addNameRange   [ '0.1.0',
284 silly addNameRange     '0.1.1',
284 silly addNameRange     '0.1.2',
284 silly addNameRange     '0.1.4',
284 silly addNameRange     '0.1.5',
284 silly addNameRange     '1.0.0',
284 silly addNameRange     '1.1.0',
284 silly addNameRange     '1.2.0',
284 silly addNameRange     '1.3.0',
284 silly addNameRange     '1.4.0',
284 silly addNameRange     '1.5.0',
284 silly addNameRange     '1.5.1',
284 silly addNameRange     '1.6.0',
284 silly addNameRange     '1.7.0',
284 silly addNameRange     '1.8.0',
284 silly addNameRange     '1.8.1',
284 silly addNameRange     '1.8.2',
284 silly addNameRange     '1.8.3',
284 silly addNameRange     '1.8.4',
284 silly addNameRange     '1.8.5',
284 silly addNameRange     '2.0.0',
284 silly addNameRange     '2.0.1',
284 silly addNameRange     '2.0.2',
284 silly addNameRange     '2.0.3',
284 silly addNameRange     '2.0.4',
284 silly addNameRange     '2.1.0',
284 silly addNameRange     '2.1.1',
284 silly addNameRange     '2.2.0',
284 silly addNameRange     '2.2.1',
284 silly addNameRange     '2.2.2',
284 silly addNameRange     '2.3.0',
284 silly addNameRange     '2.3.1',
284 silly addNameRange     '2.3.2',
284 silly addNameRange     '3.0.0',
284 silly addNameRange     '3.0.1',
284 silly addNameRange     '3.0.2' ] ]
285 silly addNamed braces@3.0.2
286 verbose addNamed "3.0.2" is a plain semver version for braces
287 verbose get https://registry.npmjs.org/normalize-path not expired, no request
288 silly addNameRange number 2 { name: 'normalize-path',
288 silly addNameRange   range: '>=3.0.0 <3.1.0',
288 silly addNameRange   hasData: true }
289 silly addNameRange versions [ 'normalize-path',
289 silly addNameRange   [ '0.1.0',
289 silly addNameRange     '0.1.1',
289 silly addNameRange     '0.2.0',
289 silly addNameRange     '0.2.1',
289 silly addNameRange     '0.3.0',
289 silly addNameRange     '1.0.0',
289 silly addNameRange     '2.0.0',
289 silly addNameRange     '2.0.1',
289 silly addNameRange     '2.1.0',
289 silly addNameRange     '2.1.1',
289 silly addNameRange     '3.0.0' ] ]
290 silly addNamed normalize-path@3.0.0
291 verbose addNamed "3.0.0" is a plain semver version for normalize-path
292 silly fetchAndShaCheck shasum c55ecf02185e2469259399310c173ce31233b142
293 http 200 https://registry.npmjs.org/fsevents
294 verbose headers { date: 'Fri, 20 Mar 2020 04:05:01 GMT',
294 verbose headers   'content-type': 'application/json',
294 verbose headers   'transfer-encoding': 'chunked',
294 verbose headers   connection: 'keep-alive',
294 verbose headers   'set-cookie':
294 verbose headers    [ '__cfduid=d1718dcf62a29e14a2503a992d41d7ba01584677101; expires=Sun, 19-Apr-20 04:05:01 GMT; path=/; domain=.npmjs.org; HttpOnly; SameSite=Lax' ],
294 verbose headers   'cf-ray': '576c8d6b7b6bdd8f-SIN',
294 verbose headers   age: '1417',
294 verbose headers   'cache-control': 'public, max-age=300',
294 verbose headers   etag: 'W/"ce52c12553ec385e5dace46e4c8be564"',
294 verbose headers   'last-modified': 'Thu, 19 Mar 2020 09:15:01 GMT',
294 verbose headers   vary: 'accept-encoding, accept',
294 verbose headers   'cf-cache-status': 'HIT',
294 verbose headers   'expect-ct': 'max-age=604800, report-uri="https://report-uri.cloudflare.com/cdn-cgi/beacon/expect-ct"',
294 verbose headers   server: 'cloudflare',
294 verbose headers   'content-encoding': 'gzip' }
295 silly get cb [ 200,
295 silly get   { date: 'Fri, 20 Mar 2020 04:05:01 GMT',
295 silly get     'content-type': 'application/json',
295 silly get     'transfer-encoding': 'chunked',
295 silly get     connection: 'keep-alive',
295 silly get     'set-cookie':
295 silly get      [ '__cfduid=d1718dcf62a29e14a2503a992d41d7ba01584677101; expires=Sun, 19-Apr-20 04:05:01 GMT; path=/; domain=.npmjs.org; HttpOnly; SameSite=Lax' ],
295 silly get     'cf-ray': '576c8d6b7b6bdd8f-SIN',
295 silly get     age: '1417',
295 silly get     'cache-control': 'public, max-age=300',
295 silly get     etag: 'W/"ce52c12553ec385e5dace46e4c8be564"',
295 silly get     'last-modified': 'Thu, 19 Mar 2020 09:15:01 GMT',
295 silly get     vary: 'accept-encoding, accept',
295 silly get     'cf-cache-status': 'HIT',
295 silly get     'expect-ct': 'max-age=604800, report-uri="https://report-uri.cloudflare.com/cdn-cgi/beacon/expect-ct"',
295 silly get     server: 'cloudflare',
295 silly get     'content-encoding': 'gzip' } ]
296 verbose get saving fsevents to /home/ariq/.npm/registry.npmjs.org/fsevents/.cache.json
297 silly mapToRegistry name is-binary-path
298 silly mapToRegistry using default registry
299 silly mapToRegistry registry https://registry.npmjs.org/
300 silly mapToRegistry uri https://registry.npmjs.org/is-binary-path
301 verbose addRemoteTarball https://registry.npmjs.org/is-binary-path/-/is-binary-path-2.1.0.tgz not in flight; adding
302 verbose addRemoteTarball [ 'https://registry.npmjs.org/is-binary-path/-/is-binary-path-2.1.0.tgz',
302 verbose addRemoteTarball   'ea1f7f3b80f064236e83470f86c09c254fb45b09' ]
303 silly mapToRegistry name braces
304 silly mapToRegistry using default registry
305 silly mapToRegistry registry https://registry.npmjs.org/
306 silly mapToRegistry uri https://registry.npmjs.org/braces
307 verbose addRemoteTarball https://registry.npmjs.org/braces/-/braces-3.0.2.tgz not in flight; adding
308 verbose addRemoteTarball [ 'https://registry.npmjs.org/braces/-/braces-3.0.2.tgz',
308 verbose addRemoteTarball   '3454e1a462ee8d599e236df336cd9ea4f8afe107' ]
309 silly mapToRegistry name normalize-path
310 silly mapToRegistry using default registry
311 silly mapToRegistry registry https://registry.npmjs.org/
312 silly mapToRegistry uri https://registry.npmjs.org/normalize-path
313 verbose addRemoteTarball https://registry.npmjs.org/normalize-path/-/normalize-path-3.0.0.tgz not in flight; adding
314 verbose addRemoteTarball [ 'https://registry.npmjs.org/normalize-path/-/normalize-path-3.0.0.tgz',
314 verbose addRemoteTarball   '0dcd69ff23a1c9b11fd0978316644a0388216a65' ]
315 silly resolveWithNewModule is-glob@4.0.1 checking installable status
316 silly cache add args [ 'is-glob@~4.0.1', null ]
317 verbose cache add spec is-glob@~4.0.1
318 silly cache add parsed spec Result {
318 silly cache add   raw: 'is-glob@~4.0.1',
318 silly cache add   scope: null,
318 silly cache add   name: 'is-glob',
318 silly cache add   rawSpec: '~4.0.1',
318 silly cache add   spec: '>=4.0.1 <4.1.0',
318 silly cache add   type: 'range' }
319 silly addNamed is-glob@>=4.0.1 <4.1.0
320 verbose addNamed ">=4.0.1 <4.1.0" is a valid semver range for is-glob
321 silly addNameRange { name: 'is-glob', range: '>=4.0.1 <4.1.0', hasData: false }
322 silly mapToRegistry name is-glob
323 silly mapToRegistry using default registry
324 silly mapToRegistry registry https://registry.npmjs.org/
325 silly mapToRegistry uri https://registry.npmjs.org/is-glob
326 verbose addNameRange registry:https://registry.npmjs.org/is-glob not in flight; fetching
327 silly resolveWithNewModule readdirp@3.3.0 checking installable status
328 silly cache add args [ 'readdirp@~3.3.0', null ]
329 verbose cache add spec readdirp@~3.3.0
330 silly cache add parsed spec Result {
330 silly cache add   raw: 'readdirp@~3.3.0',
330 silly cache add   scope: null,
330 silly cache add   name: 'readdirp',
330 silly cache add   rawSpec: '~3.3.0',
330 silly cache add   spec: '>=3.3.0 <3.4.0',
330 silly cache add   type: 'range' }
331 silly addNamed readdirp@>=3.3.0 <3.4.0
332 verbose addNamed ">=3.3.0 <3.4.0" is a valid semver range for readdirp
333 silly addNameRange { name: 'readdirp', range: '>=3.3.0 <3.4.0', hasData: false }
334 silly mapToRegistry name readdirp
335 silly mapToRegistry using default registry
336 silly mapToRegistry registry https://registry.npmjs.org/
337 silly mapToRegistry uri https://registry.npmjs.org/readdirp
338 verbose addNameRange registry:https://registry.npmjs.org/readdirp not in flight; fetching
339 silly resolveWithNewModule glob-parent@5.1.0 checking installable status
340 silly cache add args [ 'glob-parent@~5.1.0', null ]
341 verbose cache add spec glob-parent@~5.1.0
342 silly cache add parsed spec Result {
342 silly cache add   raw: 'glob-parent@~5.1.0',
342 silly cache add   scope: null,
342 silly cache add   name: 'glob-parent',
342 silly cache add   rawSpec: '~5.1.0',
342 silly cache add   spec: '>=5.1.0 <5.2.0',
342 silly cache add   type: 'range' }
343 silly addNamed glob-parent@>=5.1.0 <5.2.0
344 verbose addNamed ">=5.1.0 <5.2.0" is a valid semver range for glob-parent
345 silly addNameRange { name: 'glob-parent', range: '>=5.1.0 <5.2.0', hasData: false }
346 silly mapToRegistry name glob-parent
347 silly mapToRegistry using default registry
348 silly mapToRegistry registry https://registry.npmjs.org/
349 silly mapToRegistry uri https://registry.npmjs.org/glob-parent
350 verbose addNameRange registry:https://registry.npmjs.org/glob-parent not in flight; fetching
351 verbose addTmpTarball /tmp/npm-17622-8901dc77/registry.npmjs.org/anymatch/-/anymatch-3.1.1.tgz not in flight; adding
352 verbose addTmpTarball already have metadata; skipping unpack for anymatch@3.1.1
353 info retry fetch attempt 1 at 11:05:01 AM
354 info attempt registry request try #1 at 11:05:01 AM
355 http fetch GET https://registry.npmjs.org/braces/-/braces-3.0.2.tgz
356 info retry fetch attempt 1 at 11:05:01 AM
357 info attempt registry request try #1 at 11:05:01 AM
358 http fetch GET https://registry.npmjs.org/is-binary-path/-/is-binary-path-2.1.0.tgz
359 info retry fetch attempt 1 at 11:05:01 AM
360 info attempt registry request try #1 at 11:05:01 AM
361 http fetch GET https://registry.npmjs.org/normalize-path/-/normalize-path-3.0.0.tgz
362 verbose get https://registry.npmjs.org/is-glob not expired, no request
363 silly addNameRange number 2 { name: 'is-glob', range: '>=4.0.1 <4.1.0', hasData: true }
364 silly addNameRange versions [ 'is-glob',
364 silly addNameRange   [ '0.1.0',
364 silly addNameRange     '0.2.0',
364 silly addNameRange     '0.3.0',
364 silly addNameRange     '1.0.0',
364 silly addNameRange     '1.1.0',
364 silly addNameRange     '1.1.1',
364 silly addNameRange     '1.1.2',
364 silly addNameRange     '1.1.3',
364 silly addNameRange     '2.0.0',
364 silly addNameRange     '2.0.1',
364 silly addNameRange     '3.0.0',
364 silly addNameRange     '3.1.0',
364 silly addNameRange     '4.0.0',
364 silly addNameRange     '4.0.1' ] ]
365 silly addNamed is-glob@4.0.1
366 verbose addNamed "4.0.1" is a plain semver version for is-glob
367 silly mapToRegistry name is-glob
368 silly mapToRegistry using default registry
369 silly mapToRegistry registry https://registry.npmjs.org/
370 silly mapToRegistry uri https://registry.npmjs.org/is-glob
371 verbose addRemoteTarball https://registry.npmjs.org/is-glob/-/is-glob-4.0.1.tgz not in flight; adding
372 verbose addRemoteTarball [ 'https://registry.npmjs.org/is-glob/-/is-glob-4.0.1.tgz',
372 verbose addRemoteTarball   '7567dbe9f2f5e2467bc77ab83c4a29482407a5dc' ]
373 verbose get https://registry.npmjs.org/readdirp not expired, no request
374 silly addNameRange number 2 { name: 'readdirp', range: '>=3.3.0 <3.4.0', hasData: true }
375 silly addNameRange versions [ 'readdirp',
375 silly addNameRange   [ '0.1.0',
375 silly addNameRange     '0.1.1',
375 silly addNameRange     '0.1.2',
375 silly addNameRange     '0.1.3',
375 silly addNameRange     '0.1.4',
375 silly addNameRange     '0.2.0',
375 silly addNameRange     '0.2.1',
375 silly addNameRange     '0.2.2',
375 silly addNameRange     '0.2.3',
375 silly addNameRange     '0.2.4',
375 silly addNameRange     '0.2.5',
375 silly addNameRange     '0.3.0',
375 silly addNameRange     '0.3.1',
375 silly addNameRange     '0.3.2',
375 silly addNameRange     '0.3.3',
375 silly addNameRange     '0.4.0',
375 silly addNameRange     '1.0.0',
375 silly addNameRange     '1.0.1',
375 silly addNameRange     '1.1.0',
375 silly addNameRange     '1.2.0',
375 silly addNameRange     '1.3.0',
375 silly addNameRange     '1.4.0',
375 silly addNameRange     '2.0.0',
375 silly addNameRange     '2.0.1',
375 silly addNameRange     '2.1.0',
375 silly addNameRange     '2.2.0',
375 silly addNameRange     '2.2.1',
375 silly addNameRange     '3.0.0',
375 silly addNameRange     '3.0.1',
375 silly addNameRange     '3.0.2',
375 silly addNameRange     '3.0.3',
375 silly addNameRange     '3.1.0',
375 silly addNameRange     '3.1.1',
375 silly addNameRange     '3.1.2',
375 silly addNameRange     '3.1.3',
375 silly addNameRange     '3.2.0',
375 silly addNameRange     '3.3.0',
375 silly addNameRange     '3.4.0' ] ]
376 silly addNamed readdirp@3.3.0
377 verbose addNamed "3.3.0" is a plain semver version for readdirp
378 verbose get https://registry.npmjs.org/glob-parent not expired, no request
379 silly addNameRange number 2 { name: 'glob-parent', range: '>=5.1.0 <5.2.0', hasData: true }
380 silly addNameRange versions [ 'glob-parent',
380 silly addNameRange   [ '1.0.0',
380 silly addNameRange     '1.1.0',
380 silly addNameRange     '1.2.0',
380 silly addNameRange     '1.3.0',
380 silly addNameRange     '2.0.0',
380 silly addNameRange     '3.0.0',
380 silly addNameRange     '3.0.1',
380 silly addNameRange     '3.1.0',
380 silly addNameRange     '4.0.0',
380 silly addNameRange     '5.0.0',
380 silly addNameRange     '5.1.0' ] ]
381 silly addNamed glob-parent@5.1.0
382 verbose addNamed "5.1.0" is a plain semver version for glob-parent
383 silly mapToRegistry name readdirp
384 silly mapToRegistry using default registry
385 silly mapToRegistry registry https://registry.npmjs.org/
386 silly mapToRegistry uri https://registry.npmjs.org/readdirp
387 verbose addRemoteTarball https://registry.npmjs.org/readdirp/-/readdirp-3.3.0.tgz not in flight; adding
388 verbose addRemoteTarball [ 'https://registry.npmjs.org/readdirp/-/readdirp-3.3.0.tgz',
388 verbose addRemoteTarball   '984458d13a1e42e2e9f5841b129e162f369aff17' ]
389 silly mapToRegistry name glob-parent
390 silly mapToRegistry using default registry
391 silly mapToRegistry registry https://registry.npmjs.org/
392 silly mapToRegistry uri https://registry.npmjs.org/glob-parent
393 verbose addRemoteTarball https://registry.npmjs.org/glob-parent/-/glob-parent-5.1.0.tgz not in flight; adding
394 verbose addRemoteTarball [ 'https://registry.npmjs.org/glob-parent/-/glob-parent-5.1.0.tgz',
394 verbose addRemoteTarball   '5f4c1d1e748d30cd73ad2944b3577a81b081e8c2' ]
395 silly resolveWithNewModule fsevents@2.1.2 checking installable status
396 info retry fetch attempt 1 at 11:05:01 AM
397 info attempt registry request try #1 at 11:05:01 AM
398 http fetch GET https://registry.npmjs.org/is-glob/-/is-glob-4.0.1.tgz
399 info retry fetch attempt 1 at 11:05:01 AM
400 info attempt registry request try #1 at 11:05:01 AM
401 http fetch GET https://registry.npmjs.org/readdirp/-/readdirp-3.3.0.tgz
402 info retry fetch attempt 1 at 11:05:01 AM
403 info attempt registry request try #1 at 11:05:01 AM
404 http fetch GET https://registry.npmjs.org/glob-parent/-/glob-parent-5.1.0.tgz
405 silly cache afterAdd anymatch@3.1.1
406 verbose afterAdd /home/ariq/.npm/anymatch/3.1.1/package/package.json not in flight; writing
407 http fetch 200 https://registry.npmjs.org/is-binary-path/-/is-binary-path-2.1.0.tgz
408 silly fetchAndShaCheck shasum ea1f7f3b80f064236e83470f86c09c254fb45b09
409 verbose afterAdd /home/ariq/.npm/anymatch/3.1.1/package/package.json written
410 verbose addTmpTarball /tmp/npm-17622-8901dc77/registry.npmjs.org/is-binary-path/-/is-binary-path-2.1.0.tgz not in flight; adding
411 verbose addTmpTarball already have metadata; skipping unpack for is-binary-path@2.1.0
412 http fetch 200 https://registry.npmjs.org/braces/-/braces-3.0.2.tgz
413 silly cache afterAdd is-binary-path@2.1.0
414 verbose afterAdd /home/ariq/.npm/is-binary-path/2.1.0/package/package.json not in flight; writing
415 silly fetchAndShaCheck shasum 3454e1a462ee8d599e236df336cd9ea4f8afe107
416 verbose afterAdd /home/ariq/.npm/is-binary-path/2.1.0/package/package.json written
417 verbose addTmpTarball /tmp/npm-17622-8901dc77/registry.npmjs.org/braces/-/braces-3.0.2.tgz not in flight; adding
418 verbose addTmpTarball already have metadata; skipping unpack for braces@3.0.2
419 silly cache afterAdd braces@3.0.2
420 verbose afterAdd /home/ariq/.npm/braces/3.0.2/package/package.json not in flight; writing
421 verbose afterAdd /home/ariq/.npm/braces/3.0.2/package/package.json written
422 http fetch 200 https://registry.npmjs.org/readdirp/-/readdirp-3.3.0.tgz
423 http fetch 200 https://registry.npmjs.org/normalize-path/-/normalize-path-3.0.0.tgz
424 silly fetchAndShaCheck shasum 984458d13a1e42e2e9f5841b129e162f369aff17
425 verbose addTmpTarball /tmp/npm-17622-8901dc77/registry.npmjs.org/readdirp/-/readdirp-3.3.0.tgz not in flight; adding
426 verbose addTmpTarball already have metadata; skipping unpack for readdirp@3.3.0
427 http fetch 200 https://registry.npmjs.org/is-glob/-/is-glob-4.0.1.tgz
428 silly fetchAndShaCheck shasum 0dcd69ff23a1c9b11fd0978316644a0388216a65
429 silly fetchAndShaCheck shasum 7567dbe9f2f5e2467bc77ab83c4a29482407a5dc
430 verbose addTmpTarball /tmp/npm-17622-8901dc77/registry.npmjs.org/normalize-path/-/normalize-path-3.0.0.tgz not in flight; adding
431 verbose addTmpTarball already have metadata; skipping unpack for normalize-path@3.0.0
432 verbose addTmpTarball /tmp/npm-17622-8901dc77/registry.npmjs.org/is-glob/-/is-glob-4.0.1.tgz not in flight; adding
433 verbose addTmpTarball already have metadata; skipping unpack for is-glob@4.0.1
434 silly cache afterAdd readdirp@3.3.0
435 verbose afterAdd /home/ariq/.npm/readdirp/3.3.0/package/package.json not in flight; writing
436 verbose afterAdd /home/ariq/.npm/readdirp/3.3.0/package/package.json written
437 silly cache afterAdd normalize-path@3.0.0
438 verbose afterAdd /home/ariq/.npm/normalize-path/3.0.0/package/package.json not in flight; writing
439 silly cache afterAdd is-glob@4.0.1
440 verbose afterAdd /home/ariq/.npm/is-glob/4.0.1/package/package.json not in flight; writing
441 verbose afterAdd /home/ariq/.npm/normalize-path/3.0.0/package/package.json written
442 verbose afterAdd /home/ariq/.npm/is-glob/4.0.1/package/package.json written
443 http fetch 200 https://registry.npmjs.org/glob-parent/-/glob-parent-5.1.0.tgz
444 silly fetchAndShaCheck shasum 5f4c1d1e748d30cd73ad2944b3577a81b081e8c2
445 verbose addTmpTarball /tmp/npm-17622-8901dc77/registry.npmjs.org/glob-parent/-/glob-parent-5.1.0.tgz not in flight; adding
446 verbose addTmpTarball already have metadata; skipping unpack for glob-parent@5.1.0
447 silly cache afterAdd glob-parent@5.1.0
448 verbose afterAdd /home/ariq/.npm/glob-parent/5.1.0/package/package.json not in flight; writing
449 verbose afterAdd /home/ariq/.npm/glob-parent/5.1.0/package/package.json written
450 silly fetchNamedPackageData picomatch
451 silly mapToRegistry name picomatch
452 silly mapToRegistry using default registry
453 silly mapToRegistry registry https://registry.npmjs.org/
454 silly mapToRegistry uri https://registry.npmjs.org/picomatch
455 verbose request uri https://registry.npmjs.org/picomatch
456 verbose request no auth needed
457 info attempt registry request try #1 at 11:05:01 AM
458 http request GET https://registry.npmjs.org/picomatch
459 http 200 https://registry.npmjs.org/picomatch
460 verbose headers { date: 'Fri, 20 Mar 2020 04:05:01 GMT',
460 verbose headers   'content-type': 'application/json',
460 verbose headers   'transfer-encoding': 'chunked',
460 verbose headers   connection: 'keep-alive',
460 verbose headers   'set-cookie':
460 verbose headers    [ '__cfduid=d04b343c2ed29cbff98d3a8c3c6bb603f1584677101; expires=Sun, 19-Apr-20 04:05:01 GMT; path=/; domain=.npmjs.org; HttpOnly; SameSite=Lax' ],
460 verbose headers   'cf-ray': '576c8d6c7d4cd9b0-SIN',
460 verbose headers   age: '697',
460 verbose headers   'cache-control': 'public, max-age=300',
460 verbose headers   etag: 'W/"d3c2cfde33b812c45a8f3d8bf14ba44f"',
460 verbose headers   'last-modified': 'Sat, 04 Jan 2020 21:19:52 GMT',
460 verbose headers   vary: 'accept-encoding, accept',
460 verbose headers   'cf-cache-status': 'HIT',
460 verbose headers   'expect-ct': 'max-age=604800, report-uri="https://report-uri.cloudflare.com/cdn-cgi/beacon/expect-ct"',
460 verbose headers   server: 'cloudflare',
460 verbose headers   'content-encoding': 'gzip' }
461 silly get cb [ 200,
461 silly get   { date: 'Fri, 20 Mar 2020 04:05:01 GMT',
461 silly get     'content-type': 'application/json',
461 silly get     'transfer-encoding': 'chunked',
461 silly get     connection: 'keep-alive',
461 silly get     'set-cookie':
461 silly get      [ '__cfduid=d04b343c2ed29cbff98d3a8c3c6bb603f1584677101; expires=Sun, 19-Apr-20 04:05:01 GMT; path=/; domain=.npmjs.org; HttpOnly; SameSite=Lax' ],
461 silly get     'cf-ray': '576c8d6c7d4cd9b0-SIN',
461 silly get     age: '697',
461 silly get     'cache-control': 'public, max-age=300',
461 silly get     etag: 'W/"d3c2cfde33b812c45a8f3d8bf14ba44f"',
461 silly get     'last-modified': 'Sat, 04 Jan 2020 21:19:52 GMT',
461 silly get     vary: 'accept-encoding, accept',
461 silly get     'cf-cache-status': 'HIT',
461 silly get     'expect-ct': 'max-age=604800, report-uri="https://report-uri.cloudflare.com/cdn-cgi/beacon/expect-ct"',
461 silly get     server: 'cloudflare',
461 silly get     'content-encoding': 'gzip' } ]
462 verbose get saving picomatch to /home/ariq/.npm/registry.npmjs.org/picomatch/.cache.json
463 silly resolveWithNewModule picomatch@2.2.1 checking installable status
464 silly cache add args [ 'picomatch@^2.0.4', null ]
465 verbose cache add spec picomatch@^2.0.4
466 silly cache add parsed spec Result {
466 silly cache add   raw: 'picomatch@^2.0.4',
466 silly cache add   scope: null,
466 silly cache add   name: 'picomatch',
466 silly cache add   rawSpec: '^2.0.4',
466 silly cache add   spec: '>=2.0.4 <3.0.0',
466 silly cache add   type: 'range' }
467 silly addNamed picomatch@>=2.0.4 <3.0.0
468 verbose addNamed ">=2.0.4 <3.0.0" is a valid semver range for picomatch
469 silly addNameRange { name: 'picomatch', range: '>=2.0.4 <3.0.0', hasData: false }
470 silly mapToRegistry name picomatch
471 silly mapToRegistry using default registry
472 silly mapToRegistry registry https://registry.npmjs.org/
473 silly mapToRegistry uri https://registry.npmjs.org/picomatch
474 verbose addNameRange registry:https://registry.npmjs.org/picomatch not in flight; fetching
475 verbose get https://registry.npmjs.org/picomatch not expired, no request
476 silly addNameRange number 2 { name: 'picomatch', range: '>=2.0.4 <3.0.0', hasData: true }
477 silly addNameRange versions [ 'picomatch',
477 silly addNameRange   [ '1.0.0',
477 silly addNameRange     '1.0.1',
477 silly addNameRange     '1.0.2',
477 silly addNameRange     '1.1.0',
477 silly addNameRange     '1.1.1',
477 silly addNameRange     '1.1.2',
477 silly addNameRange     '1.2.0',
477 silly addNameRange     '2.0.0',
477 silly addNameRange     '2.0.1',
477 silly addNameRange     '2.0.2',
477 silly addNameRange     '2.0.3',
477 silly addNameRange     '2.0.4',
477 silly addNameRange     '2.0.5',
477 silly addNameRange     '2.0.6',
477 silly addNameRange     '2.0.7',
477 silly addNameRange     '2.1.0',
477 silly addNameRange     '2.1.1',
477 silly addNameRange     '2.2.0',
477 silly addNameRange     '2.2.1' ] ]
478 silly addNamed picomatch@2.2.1
479 verbose addNamed "2.2.1" is a plain semver version for picomatch
480 silly mapToRegistry name picomatch
481 silly mapToRegistry using default registry
482 silly mapToRegistry registry https://registry.npmjs.org/
483 silly mapToRegistry uri https://registry.npmjs.org/picomatch
484 verbose addRemoteTarball https://registry.npmjs.org/picomatch/-/picomatch-2.2.1.tgz not in flight; adding
485 verbose addRemoteTarball [ 'https://registry.npmjs.org/picomatch/-/picomatch-2.2.1.tgz',
485 verbose addRemoteTarball   '21bac888b6ed8601f831ce7816e335bc779f0a4a' ]
486 info retry fetch attempt 1 at 11:05:01 AM
487 info attempt registry request try #1 at 11:05:01 AM
488 http fetch GET https://registry.npmjs.org/picomatch/-/picomatch-2.2.1.tgz
489 http fetch 200 https://registry.npmjs.org/picomatch/-/picomatch-2.2.1.tgz
490 silly fetchAndShaCheck shasum 21bac888b6ed8601f831ce7816e335bc779f0a4a
491 verbose addTmpTarball /tmp/npm-17622-8901dc77/registry.npmjs.org/picomatch/-/picomatch-2.2.1.tgz not in flight; adding
492 verbose addTmpTarball already have metadata; skipping unpack for picomatch@2.2.1
493 silly cache afterAdd picomatch@2.2.1
494 verbose afterAdd /home/ariq/.npm/picomatch/2.2.1/package/package.json not in flight; writing
495 verbose afterAdd /home/ariq/.npm/picomatch/2.2.1/package/package.json written
496 silly fetchNamedPackageData fill-range
497 silly mapToRegistry name fill-range
498 silly mapToRegistry using default registry
499 silly mapToRegistry registry https://registry.npmjs.org/
500 silly mapToRegistry uri https://registry.npmjs.org/fill-range
501 verbose request uri https://registry.npmjs.org/fill-range
502 verbose request no auth needed
503 info attempt registry request try #1 at 11:05:01 AM
504 http request GET https://registry.npmjs.org/fill-range
505 http 200 https://registry.npmjs.org/fill-range
506 verbose headers { date: 'Fri, 20 Mar 2020 04:05:01 GMT',
506 verbose headers   'content-type': 'application/json',
506 verbose headers   'transfer-encoding': 'chunked',
506 verbose headers   connection: 'keep-alive',
506 verbose headers   'set-cookie':
506 verbose headers    [ '__cfduid=d2ad9002e6451c98d757aa4d99b965f2b1584677101; expires=Sun, 19-Apr-20 04:05:01 GMT; path=/; domain=.npmjs.org; HttpOnly; SameSite=Lax' ],
506 verbose headers   'cf-ray': '576c8d6d6e44c318-SIN',
506 verbose headers   age: '2973',
506 verbose headers   'cache-control': 'public, max-age=300',
506 verbose headers   etag: 'W/"4eeac3d2c052a828a0fc7deef4bbc99e"',
506 verbose headers   'last-modified': 'Mon, 08 Apr 2019 13:42:42 GMT',
506 verbose headers   vary: 'accept-encoding, accept',
506 verbose headers   'cf-cache-status': 'HIT',
506 verbose headers   'expect-ct': 'max-age=604800, report-uri="https://report-uri.cloudflare.com/cdn-cgi/beacon/expect-ct"',
506 verbose headers   server: 'cloudflare',
506 verbose headers   'content-encoding': 'gzip' }
507 silly get cb [ 200,
507 silly get   { date: 'Fri, 20 Mar 2020 04:05:01 GMT',
507 silly get     'content-type': 'application/json',
507 silly get     'transfer-encoding': 'chunked',
507 silly get     connection: 'keep-alive',
507 silly get     'set-cookie':
507 silly get      [ '__cfduid=d2ad9002e6451c98d757aa4d99b965f2b1584677101; expires=Sun, 19-Apr-20 04:05:01 GMT; path=/; domain=.npmjs.org; HttpOnly; SameSite=Lax' ],
507 silly get     'cf-ray': '576c8d6d6e44c318-SIN',
507 silly get     age: '2973',
507 silly get     'cache-control': 'public, max-age=300',
507 silly get     etag: 'W/"4eeac3d2c052a828a0fc7deef4bbc99e"',
507 silly get     'last-modified': 'Mon, 08 Apr 2019 13:42:42 GMT',
507 silly get     vary: 'accept-encoding, accept',
507 silly get     'cf-cache-status': 'HIT',
507 silly get     'expect-ct': 'max-age=604800, report-uri="https://report-uri.cloudflare.com/cdn-cgi/beacon/expect-ct"',
507 silly get     server: 'cloudflare',
507 silly get     'content-encoding': 'gzip' } ]
508 verbose get saving fill-range to /home/ariq/.npm/registry.npmjs.org/fill-range/.cache.json
509 silly resolveWithNewModule fill-range@7.0.1 checking installable status
510 silly cache add args [ 'fill-range@^7.0.1', null ]
511 verbose cache add spec fill-range@^7.0.1
512 silly cache add parsed spec Result {
512 silly cache add   raw: 'fill-range@^7.0.1',
512 silly cache add   scope: null,
512 silly cache add   name: 'fill-range',
512 silly cache add   rawSpec: '^7.0.1',
512 silly cache add   spec: '>=7.0.1 <8.0.0',
512 silly cache add   type: 'range' }
513 silly addNamed fill-range@>=7.0.1 <8.0.0
514 verbose addNamed ">=7.0.1 <8.0.0" is a valid semver range for fill-range
515 silly addNameRange { name: 'fill-range', range: '>=7.0.1 <8.0.0', hasData: false }
516 silly mapToRegistry name fill-range
517 silly mapToRegistry using default registry
518 silly mapToRegistry registry https://registry.npmjs.org/
519 silly mapToRegistry uri https://registry.npmjs.org/fill-range
520 verbose addNameRange registry:https://registry.npmjs.org/fill-range not in flight; fetching
521 verbose get https://registry.npmjs.org/fill-range not expired, no request
522 silly addNameRange number 2 { name: 'fill-range', range: '>=7.0.1 <8.0.0', hasData: true }
523 silly addNameRange versions [ 'fill-range',
523 silly addNameRange   [ '0.1.0',
523 silly addNameRange     '0.1.1',
523 silly addNameRange     '0.2.0',
523 silly addNameRange     '1.0.0',
523 silly addNameRange     '1.1.0',
523 silly addNameRange     '1.2.0',
523 silly addNameRange     '1.3.0',
523 silly addNameRange     '1.4.0',
523 silly addNameRange     '1.5.0',
523 silly addNameRange     '1.6.0',
523 silly addNameRange     '1.7.0',
523 silly addNameRange     '1.7.1',
523 silly addNameRange     '1.8.0',
523 silly addNameRange     '1.9.0',
523 silly addNameRange     '2.0.0',
523 silly addNameRange     '2.1.0',
523 silly addNameRange     '2.2.0',
523 silly addNameRange     '2.2.1',
523 silly addNameRange     '2.2.2',
523 silly addNameRange     '2.2.3',
523 silly addNameRange     '3.0.0',
523 silly addNameRange     '3.0.1',
523 silly addNameRange     '3.0.2',
523 silly addNameRange     '3.0.3',
523 silly addNameRange     '3.1.0',
523 silly addNameRange     '3.1.1',
523 silly addNameRange     '4.0.0',
523 silly addNameRange     '5.0.0',
523 silly addNameRange     '2.2.4',
523 silly addNameRange     '6.0.0',
523 silly addNameRange     '7.0.0',
523 silly addNameRange     '7.0.1' ] ]
524 silly addNamed fill-range@7.0.1
525 verbose addNamed "7.0.1" is a plain semver version for fill-range
526 silly mapToRegistry name fill-range
527 silly mapToRegistry using default registry
528 silly mapToRegistry registry https://registry.npmjs.org/
529 silly mapToRegistry uri https://registry.npmjs.org/fill-range
530 verbose addRemoteTarball https://registry.npmjs.org/fill-range/-/fill-range-7.0.1.tgz not in flight; adding
531 verbose addRemoteTarball [ 'https://registry.npmjs.org/fill-range/-/fill-range-7.0.1.tgz',
531 verbose addRemoteTarball   '1919a6a7c75fe38b2c7c77e5198535da9acdda40' ]
532 info retry fetch attempt 1 at 11:05:01 AM
533 info attempt registry request try #1 at 11:05:01 AM
534 http fetch GET https://registry.npmjs.org/fill-range/-/fill-range-7.0.1.tgz
535 http fetch 200 https://registry.npmjs.org/fill-range/-/fill-range-7.0.1.tgz
536 silly fetchAndShaCheck shasum 1919a6a7c75fe38b2c7c77e5198535da9acdda40
537 verbose addTmpTarball /tmp/npm-17622-8901dc77/registry.npmjs.org/fill-range/-/fill-range-7.0.1.tgz not in flight; adding
538 verbose addTmpTarball already have metadata; skipping unpack for fill-range@7.0.1
539 silly cache afterAdd fill-range@7.0.1
540 verbose afterAdd /home/ariq/.npm/fill-range/7.0.1/package/package.json not in flight; writing
541 verbose afterAdd /home/ariq/.npm/fill-range/7.0.1/package/package.json written
542 silly fetchNamedPackageData to-regex-range
543 silly mapToRegistry name to-regex-range
544 silly mapToRegistry using default registry
545 silly mapToRegistry registry https://registry.npmjs.org/
546 silly mapToRegistry uri https://registry.npmjs.org/to-regex-range
547 verbose request uri https://registry.npmjs.org/to-regex-range
548 verbose request no auth needed
549 info attempt registry request try #1 at 11:05:01 AM
550 http request GET https://registry.npmjs.org/to-regex-range
551 http 200 https://registry.npmjs.org/to-regex-range
552 verbose headers { date: 'Fri, 20 Mar 2020 04:05:01 GMT',
552 verbose headers   'content-type': 'application/json',
552 verbose headers   'transfer-encoding': 'chunked',
552 verbose headers   connection: 'keep-alive',
552 verbose headers   'set-cookie':
552 verbose headers    [ '__cfduid=dd090852b804d178bf7c711ad2dfa6ab21584677101; expires=Sun, 19-Apr-20 04:05:01 GMT; path=/; domain=.npmjs.org; HttpOnly; SameSite=Lax' ],
552 verbose headers   'cf-ray': '576c8d6e4a9fa9e8-SIN',
552 verbose headers   age: '4732',
552 verbose headers   'cache-control': 'public, max-age=300',
552 verbose headers   etag: 'W/"c16671d126f61886b4fedbad415ca4c2"',
552 verbose headers   'last-modified': 'Sun, 07 Apr 2019 06:04:40 GMT',
552 verbose headers   vary: 'accept-encoding, accept',
552 verbose headers   'cf-cache-status': 'HIT',
552 verbose headers   'expect-ct': 'max-age=604800, report-uri="https://report-uri.cloudflare.com/cdn-cgi/beacon/expect-ct"',
552 verbose headers   server: 'cloudflare',
552 verbose headers   'content-encoding': 'gzip' }
553 silly get cb [ 200,
553 silly get   { date: 'Fri, 20 Mar 2020 04:05:01 GMT',
553 silly get     'content-type': 'application/json',
553 silly get     'transfer-encoding': 'chunked',
553 silly get     connection: 'keep-alive',
553 silly get     'set-cookie':
553 silly get      [ '__cfduid=dd090852b804d178bf7c711ad2dfa6ab21584677101; expires=Sun, 19-Apr-20 04:05:01 GMT; path=/; domain=.npmjs.org; HttpOnly; SameSite=Lax' ],
553 silly get     'cf-ray': '576c8d6e4a9fa9e8-SIN',
553 silly get     age: '4732',
553 silly get     'cache-control': 'public, max-age=300',
553 silly get     etag: 'W/"c16671d126f61886b4fedbad415ca4c2"',
553 silly get     'last-modified': 'Sun, 07 Apr 2019 06:04:40 GMT',
553 silly get     vary: 'accept-encoding, accept',
553 silly get     'cf-cache-status': 'HIT',
553 silly get     'expect-ct': 'max-age=604800, report-uri="https://report-uri.cloudflare.com/cdn-cgi/beacon/expect-ct"',
553 silly get     server: 'cloudflare',
553 silly get     'content-encoding': 'gzip' } ]
554 verbose get saving to-regex-range to /home/ariq/.npm/registry.npmjs.org/to-regex-range/.cache.json
555 silly resolveWithNewModule to-regex-range@5.0.1 checking installable status
556 silly cache add args [ 'to-regex-range@^5.0.1', null ]
557 verbose cache add spec to-regex-range@^5.0.1
558 silly cache add parsed spec Result {
558 silly cache add   raw: 'to-regex-range@^5.0.1',
558 silly cache add   scope: null,
558 silly cache add   name: 'to-regex-range',
558 silly cache add   rawSpec: '^5.0.1',
558 silly cache add   spec: '>=5.0.1 <6.0.0',
558 silly cache add   type: 'range' }
559 silly addNamed to-regex-range@>=5.0.1 <6.0.0
560 verbose addNamed ">=5.0.1 <6.0.0" is a valid semver range for to-regex-range
561 silly addNameRange { name: 'to-regex-range',
561 silly addNameRange   range: '>=5.0.1 <6.0.0',
561 silly addNameRange   hasData: false }
562 silly mapToRegistry name to-regex-range
563 silly mapToRegistry using default registry
564 silly mapToRegistry registry https://registry.npmjs.org/
565 silly mapToRegistry uri https://registry.npmjs.org/to-regex-range
566 verbose addNameRange registry:https://registry.npmjs.org/to-regex-range not in flight; fetching
567 verbose get https://registry.npmjs.org/to-regex-range not expired, no request
568 silly addNameRange number 2 { name: 'to-regex-range',
568 silly addNameRange   range: '>=5.0.1 <6.0.0',
568 silly addNameRange   hasData: true }
569 silly addNameRange versions [ 'to-regex-range',
569 silly addNameRange   [ '0.1.0',
569 silly addNameRange     '0.1.1',
569 silly addNameRange     '0.1.2',
569 silly addNameRange     '0.1.3',
569 silly addNameRange     '0.2.0',
569 silly addNameRange     '1.0.0',
569 silly addNameRange     '1.0.1',
569 silly addNameRange     '1.0.2',
569 silly addNameRange     '2.0.0',
569 silly addNameRange     '2.1.0',
569 silly addNameRange     '2.1.1',
569 silly addNameRange     '3.0.0',
569 silly addNameRange     '4.0.0',
569 silly addNameRange     '4.0.1',
569 silly addNameRange     '4.0.2',
569 silly addNameRange     '4.0.3',
569 silly addNameRange     '5.0.0',
569 silly addNameRange     '5.0.1' ] ]
570 silly addNamed to-regex-range@5.0.1
571 verbose addNamed "5.0.1" is a plain semver version for to-regex-range
572 silly mapToRegistry name to-regex-range
573 silly mapToRegistry using default registry
574 silly mapToRegistry registry https://registry.npmjs.org/
575 silly mapToRegistry uri https://registry.npmjs.org/to-regex-range
576 verbose addRemoteTarball https://registry.npmjs.org/to-regex-range/-/to-regex-range-5.0.1.tgz not in flight; adding
577 verbose addRemoteTarball [ 'https://registry.npmjs.org/to-regex-range/-/to-regex-range-5.0.1.tgz',
577 verbose addRemoteTarball   '1648c44aae7c8d988a326018ed72f5b4dd0392e4' ]
578 info retry fetch attempt 1 at 11:05:01 AM
579 info attempt registry request try #1 at 11:05:01 AM
580 http fetch GET https://registry.npmjs.org/to-regex-range/-/to-regex-range-5.0.1.tgz
581 http fetch 200 https://registry.npmjs.org/to-regex-range/-/to-regex-range-5.0.1.tgz
582 silly fetchAndShaCheck shasum 1648c44aae7c8d988a326018ed72f5b4dd0392e4
583 verbose addTmpTarball /tmp/npm-17622-8901dc77/registry.npmjs.org/to-regex-range/-/to-regex-range-5.0.1.tgz not in flight; adding
584 verbose addTmpTarball already have metadata; skipping unpack for to-regex-range@5.0.1
585 silly cache afterAdd to-regex-range@5.0.1
586 verbose afterAdd /home/ariq/.npm/to-regex-range/5.0.1/package/package.json not in flight; writing
587 verbose afterAdd /home/ariq/.npm/to-regex-range/5.0.1/package/package.json written
588 silly fetchNamedPackageData is-number
589 silly mapToRegistry name is-number
590 silly mapToRegistry using default registry
591 silly mapToRegistry registry https://registry.npmjs.org/
592 silly mapToRegistry uri https://registry.npmjs.org/is-number
593 verbose request uri https://registry.npmjs.org/is-number
594 verbose request no auth needed
595 info attempt registry request try #1 at 11:05:01 AM
596 http request GET https://registry.npmjs.org/is-number
597 http 200 https://registry.npmjs.org/is-number
598 verbose headers { date: 'Fri, 20 Mar 2020 04:05:01 GMT',
598 verbose headers   'content-type': 'application/json; charset=UTF-8',
598 verbose headers   'transfer-encoding': 'chunked',
598 verbose headers   connection: 'keep-alive',
598 verbose headers   'set-cookie':
598 verbose headers    [ '__cfduid=dc7a5cdb7c214c04dcf234472a45ec6a61584677101; expires=Sun, 19-Apr-20 04:05:01 GMT; path=/; domain=.npmjs.org; HttpOnly; SameSite=Lax' ],
598 verbose headers   'cf-ray': '576c8d6ecfabdcce-SIN',
598 verbose headers   age: '190',
598 verbose headers   'cache-control': 'public, max-age=300',
598 verbose headers   etag: 'W/"1d40f5d36d202ca83b2212f8bf3e4622"',
598 verbose headers   'last-modified': 'Wed, 04 Jul 2018 15:09:05 GMT',
598 verbose headers   vary: 'accept-encoding, accept',
598 verbose headers   'cf-cache-status': 'HIT',
598 verbose headers   'expect-ct': 'max-age=604800, report-uri="https://report-uri.cloudflare.com/cdn-cgi/beacon/expect-ct"',
598 verbose headers   server: 'cloudflare',
598 verbose headers   'content-encoding': 'gzip' }
599 silly get cb [ 200,
599 silly get   { date: 'Fri, 20 Mar 2020 04:05:01 GMT',
599 silly get     'content-type': 'application/json; charset=UTF-8',
599 silly get     'transfer-encoding': 'chunked',
599 silly get     connection: 'keep-alive',
599 silly get     'set-cookie':
599 silly get      [ '__cfduid=dc7a5cdb7c214c04dcf234472a45ec6a61584677101; expires=Sun, 19-Apr-20 04:05:01 GMT; path=/; domain=.npmjs.org; HttpOnly; SameSite=Lax' ],
599 silly get     'cf-ray': '576c8d6ecfabdcce-SIN',
599 silly get     age: '190',
599 silly get     'cache-control': 'public, max-age=300',
599 silly get     etag: 'W/"1d40f5d36d202ca83b2212f8bf3e4622"',
599 silly get     'last-modified': 'Wed, 04 Jul 2018 15:09:05 GMT',
599 silly get     vary: 'accept-encoding, accept',
599 silly get     'cf-cache-status': 'HIT',
599 silly get     'expect-ct': 'max-age=604800, report-uri="https://report-uri.cloudflare.com/cdn-cgi/beacon/expect-ct"',
599 silly get     server: 'cloudflare',
599 silly get     'content-encoding': 'gzip' } ]
600 verbose get saving is-number to /home/ariq/.npm/registry.npmjs.org/is-number/.cache.json
601 silly resolveWithNewModule is-number@7.0.0 checking installable status
602 silly cache add args [ 'is-number@^7.0.0', null ]
603 verbose cache add spec is-number@^7.0.0
604 silly cache add parsed spec Result {
604 silly cache add   raw: 'is-number@^7.0.0',
604 silly cache add   scope: null,
604 silly cache add   name: 'is-number',
604 silly cache add   rawSpec: '^7.0.0',
604 silly cache add   spec: '>=7.0.0 <8.0.0',
604 silly cache add   type: 'range' }
605 silly addNamed is-number@>=7.0.0 <8.0.0
606 verbose addNamed ">=7.0.0 <8.0.0" is a valid semver range for is-number
607 silly addNameRange { name: 'is-number', range: '>=7.0.0 <8.0.0', hasData: false }
608 silly mapToRegistry name is-number
609 silly mapToRegistry using default registry
610 silly mapToRegistry registry https://registry.npmjs.org/
611 silly mapToRegistry uri https://registry.npmjs.org/is-number
612 verbose addNameRange registry:https://registry.npmjs.org/is-number not in flight; fetching
613 verbose get https://registry.npmjs.org/is-number not expired, no request
614 silly addNameRange number 2 { name: 'is-number', range: '>=7.0.0 <8.0.0', hasData: true }
615 silly addNameRange versions [ 'is-number',
615 silly addNameRange   [ '0.1.0',
615 silly addNameRange     '0.1.1',
615 silly addNameRange     '1.0.0',
615 silly addNameRange     '1.1.0',
615 silly addNameRange     '1.1.1',
615 silly addNameRange     '1.1.2',
615 silly addNameRange     '2.0.0',
615 silly addNameRange     '2.0.1',
615 silly addNameRange     '2.0.2',
615 silly addNameRange     '2.1.0',
615 silly addNameRange     '3.0.0',
615 silly addNameRange     '4.0.0',
615 silly addNameRange     '5.0.0',
615 silly addNameRange     '6.0.0',
615 silly addNameRange     '7.0.0' ] ]
616 silly addNamed is-number@7.0.0
617 verbose addNamed "7.0.0" is a plain semver version for is-number
618 silly mapToRegistry name is-number
619 silly mapToRegistry using default registry
620 silly mapToRegistry registry https://registry.npmjs.org/
621 silly mapToRegistry uri https://registry.npmjs.org/is-number
622 verbose addRemoteTarball https://registry.npmjs.org/is-number/-/is-number-7.0.0.tgz not in flight; adding
623 verbose addRemoteTarball [ 'https://registry.npmjs.org/is-number/-/is-number-7.0.0.tgz',
623 verbose addRemoteTarball   '7535345b896734d5f80c4d06c50955527a14f12b' ]
624 info retry fetch attempt 1 at 11:05:01 AM
625 info attempt registry request try #1 at 11:05:01 AM
626 http fetch GET https://registry.npmjs.org/is-number/-/is-number-7.0.0.tgz
627 http fetch 200 https://registry.npmjs.org/is-number/-/is-number-7.0.0.tgz
628 silly fetchAndShaCheck shasum 7535345b896734d5f80c4d06c50955527a14f12b
629 verbose addTmpTarball /tmp/npm-17622-8901dc77/registry.npmjs.org/is-number/-/is-number-7.0.0.tgz not in flight; adding
630 verbose addTmpTarball already have metadata; skipping unpack for is-number@7.0.0
631 silly cache afterAdd is-number@7.0.0
632 verbose afterAdd /home/ariq/.npm/is-number/7.0.0/package/package.json not in flight; writing
633 verbose afterAdd /home/ariq/.npm/is-number/7.0.0/package/package.json written
634 silly fetchNamedPackageData is-extglob
635 silly mapToRegistry name is-extglob
636 silly mapToRegistry using default registry
637 silly mapToRegistry registry https://registry.npmjs.org/
638 silly mapToRegistry uri https://registry.npmjs.org/is-extglob
639 verbose request uri https://registry.npmjs.org/is-extglob
640 verbose request no auth needed
641 info attempt registry request try #1 at 11:05:01 AM
642 http request GET https://registry.npmjs.org/is-extglob
643 http 200 https://registry.npmjs.org/is-extglob
644 verbose headers { date: 'Fri, 20 Mar 2020 04:05:01 GMT',
644 verbose headers   'content-type': 'application/json; charset=UTF-8',
644 verbose headers   'transfer-encoding': 'chunked',
644 verbose headers   connection: 'keep-alive',
644 verbose headers   'set-cookie':
644 verbose headers    [ '__cfduid=d04b343c2ed29cbff98d3a8c3c6bb603f1584677101; expires=Sun, 19-Apr-20 04:05:01 GMT; path=/; domain=.npmjs.org; HttpOnly; SameSite=Lax' ],
644 verbose headers   'cf-ray': '576c8d6f4e16d9b0-SIN',
644 verbose headers   age: '6261',
644 verbose headers   'cache-control': 'public, max-age=300',
644 verbose headers   etag: 'W/"793d1b13bd8d035cd22e5c9ac543fd42"',
644 verbose headers   'last-modified': 'Sun, 27 May 2018 04:58:59 GMT',
644 verbose headers   vary: 'accept-encoding, accept',
644 verbose headers   'cf-cache-status': 'HIT',
644 verbose headers   'expect-ct': 'max-age=604800, report-uri="https://report-uri.cloudflare.com/cdn-cgi/beacon/expect-ct"',
644 verbose headers   server: 'cloudflare',
644 verbose headers   'content-encoding': 'gzip' }
645 silly get cb [ 200,
645 silly get   { date: 'Fri, 20 Mar 2020 04:05:01 GMT',
645 silly get     'content-type': 'application/json; charset=UTF-8',
645 silly get     'transfer-encoding': 'chunked',
645 silly get     connection: 'keep-alive',
645 silly get     'set-cookie':
645 silly get      [ '__cfduid=d04b343c2ed29cbff98d3a8c3c6bb603f1584677101; expires=Sun, 19-Apr-20 04:05:01 GMT; path=/; domain=.npmjs.org; HttpOnly; SameSite=Lax' ],
645 silly get     'cf-ray': '576c8d6f4e16d9b0-SIN',
645 silly get     age: '6261',
645 silly get     'cache-control': 'public, max-age=300',
645 silly get     etag: 'W/"793d1b13bd8d035cd22e5c9ac543fd42"',
645 silly get     'last-modified': 'Sun, 27 May 2018 04:58:59 GMT',
645 silly get     vary: 'accept-encoding, accept',
645 silly get     'cf-cache-status': 'HIT',
645 silly get     'expect-ct': 'max-age=604800, report-uri="https://report-uri.cloudflare.com/cdn-cgi/beacon/expect-ct"',
645 silly get     server: 'cloudflare',
645 silly get     'content-encoding': 'gzip' } ]
646 verbose get saving is-extglob to /home/ariq/.npm/registry.npmjs.org/is-extglob/.cache.json
647 silly resolveWithNewModule is-extglob@2.1.1 checking installable status
648 silly cache add args [ 'is-extglob@^2.1.1', null ]
649 verbose cache add spec is-extglob@^2.1.1
650 silly cache add parsed spec Result {
650 silly cache add   raw: 'is-extglob@^2.1.1',
650 silly cache add   scope: null,
650 silly cache add   name: 'is-extglob',
650 silly cache add   rawSpec: '^2.1.1',
650 silly cache add   spec: '>=2.1.1 <3.0.0',
650 silly cache add   type: 'range' }
651 silly addNamed is-extglob@>=2.1.1 <3.0.0
652 verbose addNamed ">=2.1.1 <3.0.0" is a valid semver range for is-extglob
653 silly addNameRange { name: 'is-extglob', range: '>=2.1.1 <3.0.0', hasData: false }
654 silly mapToRegistry name is-extglob
655 silly mapToRegistry using default registry
656 silly mapToRegistry registry https://registry.npmjs.org/
657 silly mapToRegistry uri https://registry.npmjs.org/is-extglob
658 verbose addNameRange registry:https://registry.npmjs.org/is-extglob not in flight; fetching
659 verbose get https://registry.npmjs.org/is-extglob not expired, no request
660 silly addNameRange number 2 { name: 'is-extglob', range: '>=2.1.1 <3.0.0', hasData: true }
661 silly addNameRange versions [ 'is-extglob', [ '1.0.0', '2.0.0', '2.1.0', '2.1.1' ] ]
662 silly addNamed is-extglob@2.1.1
663 verbose addNamed "2.1.1" is a plain semver version for is-extglob
664 silly mapToRegistry name is-extglob
665 silly mapToRegistry using default registry
666 silly mapToRegistry registry https://registry.npmjs.org/
667 silly mapToRegistry uri https://registry.npmjs.org/is-extglob
668 verbose addRemoteTarball https://registry.npmjs.org/is-extglob/-/is-extglob-2.1.1.tgz not in flight; adding
669 verbose addRemoteTarball [ 'https://registry.npmjs.org/is-extglob/-/is-extglob-2.1.1.tgz',
669 verbose addRemoteTarball   'a88c02535791f02ed37c76a1b9ea9773c833f8c2' ]
670 info retry fetch attempt 1 at 11:05:01 AM
671 info attempt registry request try #1 at 11:05:01 AM
672 http fetch GET https://registry.npmjs.org/is-extglob/-/is-extglob-2.1.1.tgz
673 http fetch 200 https://registry.npmjs.org/is-extglob/-/is-extglob-2.1.1.tgz
674 silly fetchAndShaCheck shasum a88c02535791f02ed37c76a1b9ea9773c833f8c2
675 verbose addTmpTarball /tmp/npm-17622-8901dc77/registry.npmjs.org/is-extglob/-/is-extglob-2.1.1.tgz not in flight; adding
676 verbose addTmpTarball already have metadata; skipping unpack for is-extglob@2.1.1
677 silly cache afterAdd is-extglob@2.1.1
678 verbose afterAdd /home/ariq/.npm/is-extglob/2.1.1/package/package.json not in flight; writing
679 verbose afterAdd /home/ariq/.npm/is-extglob/2.1.1/package/package.json written
680 silly fetchNamedPackageData binary-extensions
681 silly mapToRegistry name binary-extensions
682 silly mapToRegistry using default registry
683 silly mapToRegistry registry https://registry.npmjs.org/
684 silly mapToRegistry uri https://registry.npmjs.org/binary-extensions
685 verbose request uri https://registry.npmjs.org/binary-extensions
686 verbose request no auth needed
687 info attempt registry request try #1 at 11:05:02 AM
688 http request GET https://registry.npmjs.org/binary-extensions
689 http 200 https://registry.npmjs.org/binary-extensions
690 verbose headers { date: 'Fri, 20 Mar 2020 04:05:02 GMT',
690 verbose headers   'content-type': 'application/json',
690 verbose headers   'transfer-encoding': 'chunked',
690 verbose headers   connection: 'keep-alive',
690 verbose headers   'set-cookie':
690 verbose headers    [ '__cfduid=d75275b3c5b4d615d613457d1955f1e051584677102; expires=Sun, 19-Apr-20 04:05:02 GMT; path=/; domain=.npmjs.org; HttpOnly; SameSite=Lax' ],
690 verbose headers   'cf-ray': '576c8d6fddf4c318-SIN',
690 verbose headers   age: '6828',
690 verbose headers   'cache-control': 'public, max-age=300',
690 verbose headers   etag: 'W/"6a05f5b3e8f90f490ec83ad4a3f06aec"',
690 verbose headers   'last-modified': 'Thu, 18 Apr 2019 18:50:16 GMT',
690 verbose headers   vary: 'accept-encoding, accept',
690 verbose headers   'cf-cache-status': 'HIT',
690 verbose headers   'expect-ct': 'max-age=604800, report-uri="https://report-uri.cloudflare.com/cdn-cgi/beacon/expect-ct"',
690 verbose headers   server: 'cloudflare',
690 verbose headers   'content-encoding': 'gzip' }
691 silly get cb [ 200,
691 silly get   { date: 'Fri, 20 Mar 2020 04:05:02 GMT',
691 silly get     'content-type': 'application/json',
691 silly get     'transfer-encoding': 'chunked',
691 silly get     connection: 'keep-alive',
691 silly get     'set-cookie':
691 silly get      [ '__cfduid=d75275b3c5b4d615d613457d1955f1e051584677102; expires=Sun, 19-Apr-20 04:05:02 GMT; path=/; domain=.npmjs.org; HttpOnly; SameSite=Lax' ],
691 silly get     'cf-ray': '576c8d6fddf4c318-SIN',
691 silly get     age: '6828',
691 silly get     'cache-control': 'public, max-age=300',
691 silly get     etag: 'W/"6a05f5b3e8f90f490ec83ad4a3f06aec"',
691 silly get     'last-modified': 'Thu, 18 Apr 2019 18:50:16 GMT',
691 silly get     vary: 'accept-encoding, accept',
691 silly get     'cf-cache-status': 'HIT',
691 silly get     'expect-ct': 'max-age=604800, report-uri="https://report-uri.cloudflare.com/cdn-cgi/beacon/expect-ct"',
691 silly get     server: 'cloudflare',
691 silly get     'content-encoding': 'gzip' } ]
692 verbose get saving binary-extensions to /home/ariq/.npm/registry.npmjs.org/binary-extensions/.cache.json
693 silly resolveWithNewModule binary-extensions@2.0.0 checking installable status
694 silly cache add args [ 'binary-extensions@^2.0.0', null ]
695 verbose cache add spec binary-extensions@^2.0.0
696 silly cache add parsed spec Result {
696 silly cache add   raw: 'binary-extensions@^2.0.0',
696 silly cache add   scope: null,
696 silly cache add   name: 'binary-extensions',
696 silly cache add   rawSpec: '^2.0.0',
696 silly cache add   spec: '>=2.0.0 <3.0.0',
696 silly cache add   type: 'range' }
697 silly addNamed binary-extensions@>=2.0.0 <3.0.0
698 verbose addNamed ">=2.0.0 <3.0.0" is a valid semver range for binary-extensions
699 silly addNameRange { name: 'binary-extensions',
699 silly addNameRange   range: '>=2.0.0 <3.0.0',
699 silly addNameRange   hasData: false }
700 silly mapToRegistry name binary-extensions
701 silly mapToRegistry using default registry
702 silly mapToRegistry registry https://registry.npmjs.org/
703 silly mapToRegistry uri https://registry.npmjs.org/binary-extensions
704 verbose addNameRange registry:https://registry.npmjs.org/binary-extensions not in flight; fetching
705 verbose get https://registry.npmjs.org/binary-extensions not expired, no request
706 silly addNameRange number 2 { name: 'binary-extensions',
706 silly addNameRange   range: '>=2.0.0 <3.0.0',
706 silly addNameRange   hasData: true }
707 silly addNameRange versions [ 'binary-extensions',
707 silly addNameRange   [ '1.0.0',
707 silly addNameRange     '1.0.1',
707 silly addNameRange     '1.0.2',
707 silly addNameRange     '1.1.0',
707 silly addNameRange     '1.1.1',
707 silly addNameRange     '1.2.0',
707 silly addNameRange     '1.3.0',
707 silly addNameRange     '1.3.1',
707 silly addNameRange     '1.4.0',
707 silly addNameRange     '1.4.1',
707 silly addNameRange     '1.5.0',
707 silly addNameRange     '1.6.0',
707 silly addNameRange     '1.7.0',
707 silly addNameRange     '1.8.0',
707 silly addNameRange     '1.9.0',
707 silly addNameRange     '1.10.0',
707 silly addNameRange     '1.11.0',
707 silly addNameRange     '1.12.0',
707 silly addNameRange     '1.13.0',
707 silly addNameRange     '1.13.1',
707 silly addNameRange     '2.0.0' ] ]
708 silly addNamed binary-extensions@2.0.0
709 verbose addNamed "2.0.0" is a plain semver version for binary-extensions
710 silly mapToRegistry name binary-extensions
711 silly mapToRegistry using default registry
712 silly mapToRegistry registry https://registry.npmjs.org/
713 silly mapToRegistry uri https://registry.npmjs.org/binary-extensions
714 verbose addRemoteTarball https://registry.npmjs.org/binary-extensions/-/binary-extensions-2.0.0.tgz not in flight; adding
715 verbose addRemoteTarball [ 'https://registry.npmjs.org/binary-extensions/-/binary-extensions-2.0.0.tgz',
715 verbose addRemoteTarball   '23c0df14f6a88077f5f986c0d167ec03c3d5537c' ]
716 info retry fetch attempt 1 at 11:05:02 AM
717 info attempt registry request try #1 at 11:05:02 AM
718 http fetch GET https://registry.npmjs.org/binary-extensions/-/binary-extensions-2.0.0.tgz
719 http fetch 200 https://registry.npmjs.org/binary-extensions/-/binary-extensions-2.0.0.tgz
720 silly fetchAndShaCheck shasum 23c0df14f6a88077f5f986c0d167ec03c3d5537c
721 verbose addTmpTarball /tmp/npm-17622-8901dc77/registry.npmjs.org/binary-extensions/-/binary-extensions-2.0.0.tgz not in flight; adding
722 verbose addTmpTarball already have metadata; skipping unpack for binary-extensions@2.0.0
723 silly cache afterAdd binary-extensions@2.0.0
724 verbose afterAdd /home/ariq/.npm/binary-extensions/2.0.0/package/package.json not in flight; writing
725 verbose afterAdd /home/ariq/.npm/binary-extensions/2.0.0/package/package.json written
726 silly loadAllDepsIntoIdealTree Finishing
727 silly idealTree:prePrune lib
727 silly idealTree:prePrune  sass@1.26.3
727 silly idealTree:prePrune    anymatch@3.1.1
727 silly idealTree:prePrune    binary-extensions@2.0.0
727 silly idealTree:prePrune    braces@3.0.2
727 silly idealTree:prePrune    chokidar@3.3.1
727 silly idealTree:prePrune    fill-range@7.0.1
727 silly idealTree:prePrune    glob-parent@5.1.0
727 silly idealTree:prePrune    is-binary-path@2.1.0
727 silly idealTree:prePrune    is-extglob@2.1.1
727 silly idealTree:prePrune    is-glob@4.0.1
727 silly idealTree:prePrune    is-number@7.0.0
727 silly idealTree:prePrune    normalize-path@3.0.0
727 silly idealTree:prePrune    picomatch@2.2.1
727 silly idealTree:prePrune    readdirp@3.3.0
727 silly idealTree:prePrune    to-regex-range@5.0.1
728 silly loadIdealTree Finishing
729 silly currentTree lib
730 silly idealTree lib
730 silly idealTree  sass@1.26.3
730 silly idealTree    anymatch@3.1.1
730 silly idealTree    binary-extensions@2.0.0
730 silly idealTree    braces@3.0.2
730 silly idealTree    chokidar@3.3.1
730 silly idealTree    fill-range@7.0.1
730 silly idealTree    glob-parent@5.1.0
730 silly idealTree    is-binary-path@2.1.0
730 silly idealTree    is-extglob@2.1.1
730 silly idealTree    is-glob@4.0.1
730 silly idealTree    is-number@7.0.0
730 silly idealTree    normalize-path@3.0.0
730 silly idealTree    picomatch@2.2.1
730 silly idealTree    readdirp@3.3.0
730 silly idealTree    to-regex-range@5.0.1
731 silly generateActionsToTake Starting
732 silly install generateActionsToTake
733 warn checkPermissions Missing write access to /usr/local/lib
734 silly rollbackFailedOptional Starting
735 silly rollbackFailedOptional Finishing
736 silly runTopLevelLifecycles Starting
737 silly runTopLevelLifecycles Finishing
738 silly install printInstalled
739 warn optional Skipping failed optional dependency /sass/chokidar/fsevents:
740 warn notsup Not compatible with your operating system or architecture: fsevents@2.1.2
741 verbose stack Error: EACCES: permission denied, access '/usr/local/lib'
742 verbose cwd /home/ariq/Documents/Glints/Personal-web
743 error Linux 5.3.0-42-generic
744 error argv "/usr/bin/node" "/usr/bin/npm" "install" "-g" "sass"
745 error node v8.10.0
746 error npm  v3.5.2
747 error path /usr/local/lib
748 error code EACCES
749 error errno -13
750 error syscall access
751 error Error: EACCES: permission denied, access '/usr/local/lib'
751 error  { Error: EACCES: permission denied, access '/usr/local/lib'
751 error   errno: -13,
751 error   code: 'EACCES',
751 error   syscall: 'access',
751 error   path: '/usr/local/lib' }
752 error Please try running this command again as root/Administrator.
753 verbose exit [ -13, true ]
